<?xml version="1.0" encoding="UTF-8"?>
<TestRun id="a2ccda1a-2927-492e-bb38-54fbdbf99acc" name="JasonB@JASONB-PC 2012-03-11 16:33:54" runUser="JasonB-PC\JasonB" xmlns="http://microsoft.com/schemas/VisualStudio/TeamTest/2010">
  <TestSettings name="Local Test Run" id="f0cc6f30-dc12-4e4f-ae35-284f1d4e5060">
    <Description>This is a default test run configuration for a local test run.</Description>
    <Deployment runDeploymentRoot="JasonB_JASONB-PC 2012-03-11 16_33_54">
      <DeploymentItem filename="G:\JasonBock\Personal\Writing\Metaprogramming .NET\Code Samples\MetaDotNetBook\Chapter6\ExpressionEvolver\packages\NSubstitute.1.1.0.0\lib\35\NSubstitute.dll" />
      <DeploymentItem filename="G:\JasonBock\Personal\Writing\Metaprogramming .NET\Code Samples\MetaDotNetBook\Chapter6\ExpressionEvolver\packages\Spackle.6.0\lib\net40\Spackle.vshost.exe" />
      <DeploymentItem filename="G:\JasonBock\Personal\Writing\Metaprogramming .NET\Code Samples\MetaDotNetBook\Chapter6\ExpressionEvolver\GeneticAlgorithm\bin\Debug\GeneticAlgorithm.dll" />
      <DeploymentItem filename="G:\JasonBock\Personal\Writing\Metaprogramming .NET\Code Samples\MetaDotNetBook\Chapter6\ExpressionEvolver\ExpressionEvolver\bin\Debug\ExpressionEvolver.dll" />
      <DeploymentItem filename="G:\JasonBock\Personal\Writing\Metaprogramming .NET\Code Samples\MetaDotNetBook\Chapter6\ExpressionEvolver\packages\Spackle.6.0\lib\net40\Spackle.dll" />
    </Deployment>
    <Execution>
      <TestTypeSpecific>
        <UnitTestRunConfig testTypeId="13cdc9d9-ddb5-4fa4-a97d-d965ccfc6d4b">
          <AssemblyResolution>
            <TestDirectory useLoadContext="true" />
          </AssemblyResolution>
        </UnitTestRunConfig>
        <WebTestRunConfiguration testTypeId="4e7599fa-5ecb-43e9-a887-cd63cf72d207">
          <Browser name="Internet Explorer 7.0">
            <Headers>
              <Header name="User-Agent" value="Mozilla/4.0 (compatible; MSIE 7.0; Windows NT 5.1)" />
              <Header name="Accept" value="*/*" />
              <Header name="Accept-Language" value="{{$IEAcceptLanguage}}" />
              <Header name="Accept-Encoding" value="GZIP" />
            </Headers>
          </Browser>
        </WebTestRunConfiguration>
      </TestTypeSpecific>
      <AgentRule name="LocalMachineDefaultRole">
        <DataCollectors>
          <DataCollector uri="datacollector://Microsoft/CodeCoverage/1.0" assemblyQualifiedName="Microsoft.VisualStudio.TestTools.CodeCoverage.CoveragePlugIn, Microsoft.VisualStudio.QualityTools.Plugins.CodeCoverage, PublicKeyToken=b03f5f7f11d50a3a" friendlyName="Code Coverage">
            <Configuration>
              <CodeCoverage xmlns="">
                <Regular>
                  <CodeCoverageItem binaryFile="G:\JasonBock\Personal\Writing\Metaprogramming .NET\Code Samples\MetaDotNetBook\Chapter6\ExpressionEvolver\ExpressionEvolver\bin\Debug\ExpressionEvolver.dll" pdbFile="G:\JasonBock\Personal\Writing\Metaprogramming .NET\Code Samples\MetaDotNetBook\Chapter6\ExpressionEvolver\ExpressionEvolver\bin\Debug\ExpressionEvolver.instr.pdb" instrumentInPlace="true" />
                  <CodeCoverageItem binaryFile="G:\JasonBock\Personal\Writing\Metaprogramming .NET\Code Samples\MetaDotNetBook\Chapter6\ExpressionEvolver\ExpressionEvolver.Tests\bin\Debug\ExpressionEvolver.Tests.dll" pdbFile="G:\JasonBock\Personal\Writing\Metaprogramming .NET\Code Samples\MetaDotNetBook\Chapter6\ExpressionEvolver\ExpressionEvolver.Tests\bin\Debug\ExpressionEvolver.Tests.instr.pdb" instrumentInPlace="true" />
                  <CodeCoverageItem binaryFile="G:\JasonBock\Personal\Writing\Metaprogramming .NET\Code Samples\MetaDotNetBook\Chapter6\ExpressionEvolver\GeneticAlgorithm\bin\Debug\GeneticAlgorithm.dll" pdbFile="G:\JasonBock\Personal\Writing\Metaprogramming .NET\Code Samples\MetaDotNetBook\Chapter6\ExpressionEvolver\GeneticAlgorithm\bin\Debug\GeneticAlgorithm.instr.pdb" instrumentInPlace="true" />
                  <CodeCoverageItem binaryFile="G:\JasonBock\Personal\Writing\Metaprogramming .NET\Code Samples\MetaDotNetBook\Chapter6\ExpressionEvolver\GeneticAlgorithm.Tests\bin\Debug\GeneticAlgorithm.Tests.dll" pdbFile="G:\JasonBock\Personal\Writing\Metaprogramming .NET\Code Samples\MetaDotNetBook\Chapter6\ExpressionEvolver\GeneticAlgorithm.Tests\bin\Debug\GeneticAlgorithm.Tests.instr.pdb" instrumentInPlace="true" />
                  <CodeCoverageItem binaryFile="G:\JasonBock\Personal\Writing\Metaprogramming .NET\Code Samples\MetaDotNetBook\Chapter6\ExpressionEvolver\SimpleGeneticAlgorithm\bin\Debug\SimpleGeneticAlgorithm.exe" pdbFile="G:\JasonBock\Personal\Writing\Metaprogramming .NET\Code Samples\MetaDotNetBook\Chapter6\ExpressionEvolver\SimpleGeneticAlgorithm\bin\Debug\SimpleGeneticAlgorithm.instr.pdb" instrumentInPlace="true" />
                </Regular>
              </CodeCoverage>
            </Configuration>
          </DataCollector>
        </DataCollectors>
      </AgentRule>
    </Execution>
  </TestSettings>
  <Times creation="2012-03-11T16:33:54.6442149-05:00" queuing="2012-03-11T16:33:59.3274827-05:00" start="2012-03-11T16:33:59.4604903-05:00" finish="2012-03-11T16:34:05.5868408-05:00" />
  <ResultSummary outcome="Failed">
    <Counters total="159" executed="159" passed="138" error="0" failed="21" timeout="0" aborted="0" inconclusive="0" passedButRunAborted="0" notRunnable="0" notExecuted="0" disconnected="0" warning="0" completed="0" inProgress="0" pending="0" />
    <RunInfos>
      <RunInfo computerName="JASONB-PC" outcome="Warning" timestamp="2012-03-11T16:33:56.1413005-05:00">
        <Text>Instrumentation error: cannot find binary G:\JasonBock\Personal\Writing\Metaprogramming .NET\Code Samples\MetaDotNetBook\Chapter6\ExpressionEvolver\ExpressionEvolver.Client\bin\Debug\ExpressionEvolver.Client.exe.</Text>
      </RunInfo>
    </RunInfos>
    <ResultFiles>
      <ResultFile path="JASONB-PC\data.coverage" />
    </ResultFiles>
  </ResultSummary>
  <TestDefinitions>
    <UnitTest name="ReplaceParameterInUnsupportedBinaryExpression" storage="g:\jasonbock\personal\writing\metaprogramming .net\code samples\metadotnetbook\chapter6\expressionevolver\expressionevolver.tests\bin\debug\expressionevolver.tests.dll" id="7df79ab5-7ace-17ec-de4c-7a8e23a8d813">
      <Execution id="98c2e301-c637-4776-9636-100f14df7360" />
      <TestMethod codeBase="G:/JasonBock/Personal/Writing/Metaprogramming .NET/Code Samples/MetaDotNetBook/Chapter6/ExpressionEvolver/ExpressionEvolver.Tests/bin/Debug/ExpressionEvolver.Tests.DLL" adapterTypeName="Microsoft.VisualStudio.TestTools.TestTypes.Unit.UnitTestAdapter, Microsoft.VisualStudio.QualityTools.Tips.UnitTest.Adapter, Version=10.0.0.0, Culture=neutral, PublicKeyToken=b03f5f7f11d50a3a" className="ExpressionEvolver.Tests.ReplacementVisitorTests, ExpressionEvolver.Tests, Version=1.0.0.0, Culture=neutral, PublicKeyToken=null" name="ReplaceParameterInUnsupportedBinaryExpression" />
    </UnitTest>
    <UnitTest name="CompressComplexExpressionWithUnnecessarySubtractionOfZeros" storage="g:\jasonbock\personal\writing\metaprogramming .net\code samples\metadotnetbook\chapter6\expressionevolver\expressionevolver.tests\bin\debug\expressionevolver.tests.dll" id="aa582909-a333-6920-c690-9f7793ad5b86">
      <Execution id="aa22f5d0-3b5f-405d-ba2a-7dae27ed4df1" />
      <TestMethod codeBase="G:/JasonBock/Personal/Writing/Metaprogramming .NET/Code Samples/MetaDotNetBook/Chapter6/ExpressionEvolver/ExpressionEvolver.Tests/bin/Debug/ExpressionEvolver.Tests.DLL" adapterTypeName="Microsoft.VisualStudio.TestTools.TestTypes.Unit.UnitTestAdapter, Microsoft.VisualStudio.QualityTools.Tips.UnitTest.Adapter, Version=10.0.0.0, Culture=neutral, PublicKeyToken=b03f5f7f11d50a3a" className="ExpressionEvolver.Tests.ExpressionExtensionsTests, ExpressionEvolver.Tests, Version=1.0.0.0, Culture=neutral, PublicKeyToken=null" name="CompressComplexExpressionWithUnnecessarySubtractionOfZeros" />
    </UnitTest>
    <UnitTest name="ReplaceParameterInSubtractOnLeft" storage="g:\jasonbock\personal\writing\metaprogramming .net\code samples\metadotnetbook\chapter6\expressionevolver\expressionevolver.tests\bin\debug\expressionevolver.tests.dll" id="71062e61-3ae8-3f1b-9341-76afa9391664">
      <Execution id="a85d1561-2aed-4688-a30e-3978f616e886" />
      <TestMethod codeBase="G:/JasonBock/Personal/Writing/Metaprogramming .NET/Code Samples/MetaDotNetBook/Chapter6/ExpressionEvolver/ExpressionEvolver.Tests/bin/Debug/ExpressionEvolver.Tests.DLL" adapterTypeName="Microsoft.VisualStudio.TestTools.TestTypes.Unit.UnitTestAdapter, Microsoft.VisualStudio.QualityTools.Tips.UnitTest.Adapter, Version=10.0.0.0, Culture=neutral, PublicKeyToken=b03f5f7f11d50a3a" className="ExpressionEvolver.Tests.ReplacementVisitorTests, ExpressionEvolver.Tests, Version=1.0.0.0, Culture=neutral, PublicKeyToken=null" name="ReplaceParameterInSubtractOnLeft" />
    </UnitTest>
    <UnitTest name="EvaluateFitnessWhenResultExpectationIsException" storage="g:\jasonbock\personal\writing\metaprogramming .net\code samples\metadotnetbook\chapter6\expressionevolver\expressionevolver.tests\bin\debug\expressionevolver.tests.dll" id="bba56e8c-c7de-a40a-e256-d2721bd7ce36">
      <Execution id="2f4d7c39-993f-428c-9e7f-ea951bfda005" />
      <TestMethod codeBase="G:/JasonBock/Personal/Writing/Metaprogramming .NET/Code Samples/MetaDotNetBook/Chapter6/ExpressionEvolver/ExpressionEvolver.Tests/bin/Debug/ExpressionEvolver.Tests.DLL" adapterTypeName="Microsoft.VisualStudio.TestTools.TestTypes.Unit.UnitTestAdapter, Microsoft.VisualStudio.QualityTools.Tips.UnitTest.Adapter, Version=10.0.0.0, Culture=neutral, PublicKeyToken=b03f5f7f11d50a3a" className="ExpressionEvolver.Tests.ExpressionEvolverGeneticAlgorithmParametersFitnessEvaluatorTests, ExpressionEvolver.Tests, Version=1.0.0.0, Culture=neutral, PublicKeyToken=null" name="EvaluateFitnessWhenResultExpectationIsException" />
    </UnitTest>
    <UnitTest name="ChangeValue" storage="g:\jasonbock\personal\writing\metaprogramming .net\code samples\metadotnetbook\chapter6\expressionevolver\geneticalgorithm.tests\bin\debug\geneticalgorithm.tests.dll" id="7f5a4d3c-3b53-b33b-cece-4d9cfd127a60">
      <Execution id="99924d4f-bfbc-4eb6-bc72-0d3ff66d395e" />
      <TestMethod codeBase="G:/JasonBock/Personal/Writing/Metaprogramming .NET/Code Samples/MetaDotNetBook/Chapter6/ExpressionEvolver/GeneticAlgorithm.Tests/bin/Debug/GeneticAlgorithm.Tests.DLL" adapterTypeName="Microsoft.VisualStudio.TestTools.TestTypes.Unit.UnitTestAdapter, Microsoft.VisualStudio.QualityTools.Tips.UnitTest.Adapter, Version=10.0.0.0, Culture=neutral, PublicKeyToken=b03f5f7f11d50a3a" className="GeneticAlgorithm.Tests.ChromosomeTests, GeneticAlgorithm.Tests, Version=1.0.0.0, Culture=neutral, PublicKeyToken=null" name="ChangeValue" />
    </UnitTest>
    <UnitTest name="CheckMutationProbabilityOnDisposedObject" storage="g:\jasonbock\personal\writing\metaprogramming .net\code samples\metadotnetbook\chapter6\expressionevolver\expressionevolver.tests\bin\debug\expressionevolver.tests.dll" id="1207f596-2127-86f6-4663-bd1a56aa43e2">
      <Execution id="7ab949ba-fff3-4aa3-8de4-efb8765c4fe8" />
      <TestMethod codeBase="G:/JasonBock/Personal/Writing/Metaprogramming .NET/Code Samples/MetaDotNetBook/Chapter6/ExpressionEvolver/ExpressionEvolver.Tests/bin/Debug/ExpressionEvolver.Tests.DLL" adapterTypeName="Microsoft.VisualStudio.TestTools.TestTypes.Unit.UnitTestAdapter, Microsoft.VisualStudio.QualityTools.Tips.UnitTest.Adapter, Version=10.0.0.0, Culture=neutral, PublicKeyToken=b03f5f7f11d50a3a" className="ExpressionEvolver.Tests.ExpressionEvolverGeneticAlgorithmParametersPropertyTests, ExpressionEvolver.Tests, Version=1.0.0.0, Culture=neutral, PublicKeyToken=null" name="CheckMutationProbabilityOnDisposedObject" />
    </UnitTest>
    <UnitTest name="CreateSubtractOfPositiveConstantAndParameter" storage="g:\jasonbock\personal\writing\metaprogramming .net\code samples\metadotnetbook\chapter6\expressionevolver\expressionevolver.tests\bin\debug\expressionevolver.tests.dll" id="4da37189-3a4c-8260-d5ac-643c82a07d23">
      <Execution id="72dd9446-6c12-4e57-b9bd-aa054942737d" />
      <TestMethod codeBase="G:/JasonBock/Personal/Writing/Metaprogramming .NET/Code Samples/MetaDotNetBook/Chapter6/ExpressionEvolver/ExpressionEvolver.Tests/bin/Debug/ExpressionEvolver.Tests.DLL" adapterTypeName="Microsoft.VisualStudio.TestTools.TestTypes.Unit.UnitTestAdapter, Microsoft.VisualStudio.QualityTools.Tips.UnitTest.Adapter, Version=10.0.0.0, Culture=neutral, PublicKeyToken=b03f5f7f11d50a3a" className="ExpressionEvolver.Tests.RandomExpressionGeneratorTests, ExpressionEvolver.Tests, Version=1.0.0.0, Culture=neutral, PublicKeyToken=null" name="CreateSubtractOfPositiveConstantAndParameter" />
    </UnitTest>
    <UnitTest name="SelectFittestChildrenOnNullArgument" storage="g:\jasonbock\personal\writing\metaprogramming .net\code samples\metadotnetbook\chapter6\expressionevolver\expressionevolver.tests\bin\debug\expressionevolver.tests.dll" id="ad90abf8-49c4-ed93-d60a-b113fa04d26f">
      <Execution id="abcf7a3f-587e-4197-a21e-568a4030ee82" />
      <TestMethod codeBase="G:/JasonBock/Personal/Writing/Metaprogramming .NET/Code Samples/MetaDotNetBook/Chapter6/ExpressionEvolver/ExpressionEvolver.Tests/bin/Debug/ExpressionEvolver.Tests.DLL" adapterTypeName="Microsoft.VisualStudio.TestTools.TestTypes.Unit.UnitTestAdapter, Microsoft.VisualStudio.QualityTools.Tips.UnitTest.Adapter, Version=10.0.0.0, Culture=neutral, PublicKeyToken=b03f5f7f11d50a3a" className="ExpressionEvolver.Tests.ExpressionEvolverGeneticAlgorithmParametersSelectFittestChildrenTests, ExpressionEvolver.Tests, Version=1.0.0.0, Culture=neutral, PublicKeyToken=null" name="SelectFittestChildrenOnNullArgument" />
    </UnitTest>
    <UnitTest name="ReplaceDivide" storage="g:\jasonbock\personal\writing\metaprogramming .net\code samples\metadotnetbook\chapter6\expressionevolver\expressionevolver.tests\bin\debug\expressionevolver.tests.dll" id="c5a2ab0b-1853-8e05-6421-92ece8e1baa7">
      <Execution id="86879331-5bc1-4ac9-9d4b-3180ed0ff316" />
      <TestMethod codeBase="G:/JasonBock/Personal/Writing/Metaprogramming .NET/Code Samples/MetaDotNetBook/Chapter6/ExpressionEvolver/ExpressionEvolver.Tests/bin/Debug/ExpressionEvolver.Tests.DLL" adapterTypeName="Microsoft.VisualStudio.TestTools.TestTypes.Unit.UnitTestAdapter, Microsoft.VisualStudio.QualityTools.Tips.UnitTest.Adapter, Version=10.0.0.0, Culture=neutral, PublicKeyToken=b03f5f7f11d50a3a" className="ExpressionEvolver.Tests.ReplacementVisitorTests, ExpressionEvolver.Tests, Version=1.0.0.0, Culture=neutral, PublicKeyToken=null" name="ReplaceDivide" />
    </UnitTest>
    <UnitTest name="CompressWithMultiplyingOfZeroOnLeft" storage="g:\jasonbock\personal\writing\metaprogramming .net\code samples\metadotnetbook\chapter6\expressionevolver\expressionevolver.tests\bin\debug\expressionevolver.tests.dll" id="b72108f6-cb42-1119-316b-bf696ea40c3d">
      <Execution id="028b48ad-be74-40c0-9838-d2c6880eebd5" />
      <TestMethod codeBase="G:/JasonBock/Personal/Writing/Metaprogramming .NET/Code Samples/MetaDotNetBook/Chapter6/ExpressionEvolver/ExpressionEvolver.Tests/bin/Debug/ExpressionEvolver.Tests.DLL" adapterTypeName="Microsoft.VisualStudio.TestTools.TestTypes.Unit.UnitTestAdapter, Microsoft.VisualStudio.QualityTools.Tips.UnitTest.Adapter, Version=10.0.0.0, Culture=neutral, PublicKeyToken=b03f5f7f11d50a3a" className="ExpressionEvolver.Tests.ExpressionExtensionsTests, ExpressionEvolver.Tests, Version=1.0.0.0, Culture=neutral, PublicKeyToken=null" name="CompressWithMultiplyingOfZeroOnLeft" />
    </UnitTest>
    <UnitTest name="RunOneGenerationWithSuccessfulTerminationAndNoCrossover" storage="g:\jasonbock\personal\writing\metaprogramming .net\code samples\metadotnetbook\chapter6\expressionevolver\geneticalgorithm.tests\bin\debug\geneticalgorithm.tests.dll" id="6cfb34f3-cf67-fcce-1baa-ebc8434f621a">
      <Execution id="dc1f7c5e-cf32-4e2c-8074-0c2c51ee2d27" />
      <TestMethod codeBase="G:/JasonBock/Personal/Writing/Metaprogramming .NET/Code Samples/MetaDotNetBook/Chapter6/ExpressionEvolver/GeneticAlgorithm.Tests/bin/Debug/GeneticAlgorithm.Tests.DLL" adapterTypeName="Microsoft.VisualStudio.TestTools.TestTypes.Unit.UnitTestAdapter, Microsoft.VisualStudio.QualityTools.Tips.UnitTest.Adapter, Version=10.0.0.0, Culture=neutral, PublicKeyToken=b03f5f7f11d50a3a" className="GeneticAlgorithm.Tests.GeneticAlgorithmTests, GeneticAlgorithm.Tests, Version=1.0.0.0, Culture=neutral, PublicKeyToken=null" name="RunOneGenerationWithSuccessfulTerminationAndNoCrossover" />
    </UnitTest>
    <UnitTest name="CrossoverOnDisposedObject" storage="g:\jasonbock\personal\writing\metaprogramming .net\code samples\metadotnetbook\chapter6\expressionevolver\expressionevolver.tests\bin\debug\expressionevolver.tests.dll" id="f9316b91-5da1-a00b-2ca8-83f832eb6330">
      <Execution id="c401e282-ca23-42ef-b0c1-80bee55ad3e3" />
      <TestMethod codeBase="G:/JasonBock/Personal/Writing/Metaprogramming .NET/Code Samples/MetaDotNetBook/Chapter6/ExpressionEvolver/ExpressionEvolver.Tests/bin/Debug/ExpressionEvolver.Tests.DLL" adapterTypeName="Microsoft.VisualStudio.TestTools.TestTypes.Unit.UnitTestAdapter, Microsoft.VisualStudio.QualityTools.Tips.UnitTest.Adapter, Version=10.0.0.0, Culture=neutral, PublicKeyToken=b03f5f7f11d50a3a" className="ExpressionEvolver.Tests.ExpressionEvolverGeneticAlgorithmParametersCrossoverTests, ExpressionEvolver.Tests, Version=1.0.0.0, Culture=neutral, PublicKeyToken=null" name="CrossoverOnDisposedObject" />
    </UnitTest>
    <UnitTest name="RunWhenSolutionIsNullAndNumberOfGenerationRunsIsZero" storage="g:\jasonbock\personal\writing\metaprogramming .net\code samples\metadotnetbook\chapter6\expressionevolver\geneticalgorithm.tests\bin\debug\geneticalgorithm.tests.dll" id="19702ce4-7ac3-c622-d87f-0e20b860a280">
      <Execution id="509f6a79-0989-4ccd-a672-6ee6c8f17248" />
      <TestMethod codeBase="G:/JasonBock/Personal/Writing/Metaprogramming .NET/Code Samples/MetaDotNetBook/Chapter6/ExpressionEvolver/GeneticAlgorithm.Tests/bin/Debug/GeneticAlgorithm.Tests.DLL" adapterTypeName="Microsoft.VisualStudio.TestTools.TestTypes.Unit.UnitTestAdapter, Microsoft.VisualStudio.QualityTools.Tips.UnitTest.Adapter, Version=10.0.0.0, Culture=neutral, PublicKeyToken=b03f5f7f11d50a3a" className="GeneticAlgorithm.Tests.GeneticAlgorithmTests, GeneticAlgorithm.Tests, Version=1.0.0.0, Culture=neutral, PublicKeyToken=null" name="RunWhenSolutionIsNullAndNumberOfGenerationRunsIsZero" />
    </UnitTest>
    <UnitTest name="CompressWithDividingOfParameters" storage="g:\jasonbock\personal\writing\metaprogramming .net\code samples\metadotnetbook\chapter6\expressionevolver\expressionevolver.tests\bin\debug\expressionevolver.tests.dll" id="7e5877b2-242f-0253-e229-d4f2e0ca8889">
      <Execution id="6e7a5a70-78b1-41fc-8559-24919f184884" />
      <TestMethod codeBase="G:/JasonBock/Personal/Writing/Metaprogramming .NET/Code Samples/MetaDotNetBook/Chapter6/ExpressionEvolver/ExpressionEvolver.Tests/bin/Debug/ExpressionEvolver.Tests.DLL" adapterTypeName="Microsoft.VisualStudio.TestTools.TestTypes.Unit.UnitTestAdapter, Microsoft.VisualStudio.QualityTools.Tips.UnitTest.Adapter, Version=10.0.0.0, Culture=neutral, PublicKeyToken=b03f5f7f11d50a3a" className="ExpressionEvolver.Tests.ExpressionExtensionsTests, ExpressionEvolver.Tests, Version=1.0.0.0, Culture=neutral, PublicKeyToken=null" name="CompressWithDividingOfParameters" />
    </UnitTest>
    <UnitTest name="CreateViaNullFuncCountAndVariance" storage="g:\jasonbock\personal\writing\metaprogramming .net\code samples\metadotnetbook\chapter6\expressionevolver\expressionevolver.tests\bin\debug\expressionevolver.tests.dll" id="06f7e831-f052-da54-ee25-37a5e26ef6a5">
      <Execution id="1c067f15-afc3-41ee-9c2a-baad87da31ca" />
      <TestMethod codeBase="G:/JasonBock/Personal/Writing/Metaprogramming .NET/Code Samples/MetaDotNetBook/Chapter6/ExpressionEvolver/ExpressionEvolver.Tests/bin/Debug/ExpressionEvolver.Tests.DLL" adapterTypeName="Microsoft.VisualStudio.TestTools.TestTypes.Unit.UnitTestAdapter, Microsoft.VisualStudio.QualityTools.Tips.UnitTest.Adapter, Version=10.0.0.0, Culture=neutral, PublicKeyToken=b03f5f7f11d50a3a" className="ExpressionEvolver.Tests.ExpressionEvolverGeneticAlgorithmParametersConstructionTests, ExpressionEvolver.Tests, Version=1.0.0.0, Culture=neutral, PublicKeyToken=null" name="CreateViaNullFuncCountAndVariance" />
    </UnitTest>
    <UnitTest name="CreateWithException" storage="g:\jasonbock\personal\writing\metaprogramming .net\code samples\metadotnetbook\chapter6\expressionevolver\expressionevolver.tests\bin\debug\expressionevolver.tests.dll" id="2a204cb5-d714-0fcb-fadf-2bd6cce71309">
      <Execution id="eb10cc7e-e5d4-4932-8353-97277c067e03" />
      <TestMethod codeBase="G:/JasonBock/Personal/Writing/Metaprogramming .NET/Code Samples/MetaDotNetBook/Chapter6/ExpressionEvolver/ExpressionEvolver.Tests/bin/Debug/ExpressionEvolver.Tests.DLL" adapterTypeName="Microsoft.VisualStudio.TestTools.TestTypes.Unit.UnitTestAdapter, Microsoft.VisualStudio.QualityTools.Tips.UnitTest.Adapter, Version=10.0.0.0, Culture=neutral, PublicKeyToken=b03f5f7f11d50a3a" className="ExpressionEvolver.Tests.ExpressionEvolverResultTests, ExpressionEvolver.Tests, Version=1.0.0.0, Culture=neutral, PublicKeyToken=null" name="CreateWithException" />
    </UnitTest>
    <UnitTest name="ReplaceParameterInAddOnRight" storage="g:\jasonbock\personal\writing\metaprogramming .net\code samples\metadotnetbook\chapter6\expressionevolver\expressionevolver.tests\bin\debug\expressionevolver.tests.dll" id="1f4025ba-4998-4dab-974e-3adbc9d7adfc">
      <Execution id="cb527ee0-73f1-4eba-be89-8991e00b91a9" />
      <TestMethod codeBase="G:/JasonBock/Personal/Writing/Metaprogramming .NET/Code Samples/MetaDotNetBook/Chapter6/ExpressionEvolver/ExpressionEvolver.Tests/bin/Debug/ExpressionEvolver.Tests.DLL" adapterTypeName="Microsoft.VisualStudio.TestTools.TestTypes.Unit.UnitTestAdapter, Microsoft.VisualStudio.QualityTools.Tips.UnitTest.Adapter, Version=10.0.0.0, Culture=neutral, PublicKeyToken=b03f5f7f11d50a3a" className="ExpressionEvolver.Tests.ReplacementVisitorTests, ExpressionEvolver.Tests, Version=1.0.0.0, Culture=neutral, PublicKeyToken=null" name="ReplaceParameterInAddOnRight" />
    </UnitTest>
    <UnitTest name="EvaluateFitness" storage="g:\jasonbock\personal\writing\metaprogramming .net\code samples\metadotnetbook\chapter6\expressionevolver\expressionevolver.tests\bin\debug\expressionevolver.tests.dll" id="21b708f7-fcae-30fc-3af8-e3b2fa3ff076">
      <Execution id="31aa3080-4b6d-4ceb-af2f-a76e19934f75" />
      <TestMethod codeBase="G:/JasonBock/Personal/Writing/Metaprogramming .NET/Code Samples/MetaDotNetBook/Chapter6/ExpressionEvolver/ExpressionEvolver.Tests/bin/Debug/ExpressionEvolver.Tests.DLL" adapterTypeName="Microsoft.VisualStudio.TestTools.TestTypes.Unit.UnitTestAdapter, Microsoft.VisualStudio.QualityTools.Tips.UnitTest.Adapter, Version=10.0.0.0, Culture=neutral, PublicKeyToken=b03f5f7f11d50a3a" className="ExpressionEvolver.Tests.ExpressionEvolverGeneticAlgorithmParametersFitnessEvaluatorTests, ExpressionEvolver.Tests, Version=1.0.0.0, Culture=neutral, PublicKeyToken=null" name="EvaluateFitness" />
    </UnitTest>
    <UnitTest name="IsValidWithInfinity" storage="g:\jasonbock\personal\writing\metaprogramming .net\code samples\metadotnetbook\chapter6\expressionevolver\expressionevolver.tests\bin\debug\expressionevolver.tests.dll" id="78808373-40d6-5f98-dca5-7ea3a22da11c">
      <Execution id="bec2f309-56d7-4013-987c-624bb7a1fa38" />
      <TestMethod codeBase="G:/JasonBock/Personal/Writing/Metaprogramming .NET/Code Samples/MetaDotNetBook/Chapter6/ExpressionEvolver/ExpressionEvolver.Tests/bin/Debug/ExpressionEvolver.Tests.DLL" adapterTypeName="Microsoft.VisualStudio.TestTools.TestTypes.Unit.UnitTestAdapter, Microsoft.VisualStudio.QualityTools.Tips.UnitTest.Adapter, Version=10.0.0.0, Culture=neutral, PublicKeyToken=b03f5f7f11d50a3a" className="ExpressionEvolver.Tests.ExpressionExtensionsTests, ExpressionEvolver.Tests, Version=1.0.0.0, Culture=neutral, PublicKeyToken=null" name="IsValidWithInfinity" />
    </UnitTest>
    <UnitTest name="CreateAddOfParameterAndPositiveConstant" storage="g:\jasonbock\personal\writing\metaprogramming .net\code samples\metadotnetbook\chapter6\expressionevolver\expressionevolver.tests\bin\debug\expressionevolver.tests.dll" id="0a1eb028-1383-9344-5f2d-09e986756014">
      <Execution id="8e5cf039-b10d-49a1-89da-1b17f7f2591a" />
      <TestMethod codeBase="G:/JasonBock/Personal/Writing/Metaprogramming .NET/Code Samples/MetaDotNetBook/Chapter6/ExpressionEvolver/ExpressionEvolver.Tests/bin/Debug/ExpressionEvolver.Tests.DLL" adapterTypeName="Microsoft.VisualStudio.TestTools.TestTypes.Unit.UnitTestAdapter, Microsoft.VisualStudio.QualityTools.Tips.UnitTest.Adapter, Version=10.0.0.0, Culture=neutral, PublicKeyToken=b03f5f7f11d50a3a" className="ExpressionEvolver.Tests.RandomExpressionGeneratorTests, ExpressionEvolver.Tests, Version=1.0.0.0, Culture=neutral, PublicKeyToken=null" name="CreateAddOfParameterAndPositiveConstant" />
    </UnitTest>
    <UnitTest name="ReplaceSubtractRightPart" storage="g:\jasonbock\personal\writing\metaprogramming .net\code samples\metadotnetbook\chapter6\expressionevolver\expressionevolver.tests\bin\debug\expressionevolver.tests.dll" id="35243396-0749-8454-bfd6-04330f5a1e56">
      <Execution id="09f8319a-95ee-4a18-a9e9-b1f956333a80" />
      <TestMethod codeBase="G:/JasonBock/Personal/Writing/Metaprogramming .NET/Code Samples/MetaDotNetBook/Chapter6/ExpressionEvolver/ExpressionEvolver.Tests/bin/Debug/ExpressionEvolver.Tests.DLL" adapterTypeName="Microsoft.VisualStudio.TestTools.TestTypes.Unit.UnitTestAdapter, Microsoft.VisualStudio.QualityTools.Tips.UnitTest.Adapter, Version=10.0.0.0, Culture=neutral, PublicKeyToken=b03f5f7f11d50a3a" className="ExpressionEvolver.Tests.ReplacementVisitorTests, ExpressionEvolver.Tests, Version=1.0.0.0, Culture=neutral, PublicKeyToken=null" name="ReplaceSubtractRightPart" />
    </UnitTest>
    <UnitTest name="CompressWithSubtractingOfZeroOnLeft" storage="g:\jasonbock\personal\writing\metaprogramming .net\code samples\metadotnetbook\chapter6\expressionevolver\expressionevolver.tests\bin\debug\expressionevolver.tests.dll" id="794a9f2e-dadb-de3a-ddef-35aaf7c66beb">
      <Execution id="de56d25f-6738-4298-b1b4-9630cdad85d6" />
      <TestMethod codeBase="G:/JasonBock/Personal/Writing/Metaprogramming .NET/Code Samples/MetaDotNetBook/Chapter6/ExpressionEvolver/ExpressionEvolver.Tests/bin/Debug/ExpressionEvolver.Tests.DLL" adapterTypeName="Microsoft.VisualStudio.TestTools.TestTypes.Unit.UnitTestAdapter, Microsoft.VisualStudio.QualityTools.Tips.UnitTest.Adapter, Version=10.0.0.0, Culture=neutral, PublicKeyToken=b03f5f7f11d50a3a" className="ExpressionEvolver.Tests.ExpressionExtensionsTests, ExpressionEvolver.Tests, Version=1.0.0.0, Culture=neutral, PublicKeyToken=null" name="CompressWithSubtractingOfZeroOnLeft" />
    </UnitTest>
    <UnitTest name="ReplaceParameterInMultiplyOnRight" storage="g:\jasonbock\personal\writing\metaprogramming .net\code samples\metadotnetbook\chapter6\expressionevolver\expressionevolver.tests\bin\debug\expressionevolver.tests.dll" id="6ae69f95-30b4-eaff-99c8-64d5d327f66a">
      <Execution id="fc03daa7-bcf5-4415-970e-d2d5492cced8" />
      <TestMethod codeBase="G:/JasonBock/Personal/Writing/Metaprogramming .NET/Code Samples/MetaDotNetBook/Chapter6/ExpressionEvolver/ExpressionEvolver.Tests/bin/Debug/ExpressionEvolver.Tests.DLL" adapterTypeName="Microsoft.VisualStudio.TestTools.TestTypes.Unit.UnitTestAdapter, Microsoft.VisualStudio.QualityTools.Tips.UnitTest.Adapter, Version=10.0.0.0, Culture=neutral, PublicKeyToken=b03f5f7f11d50a3a" className="ExpressionEvolver.Tests.ReplacementVisitorTests, ExpressionEvolver.Tests, Version=1.0.0.0, Culture=neutral, PublicKeyToken=null" name="ReplaceParameterInMultiplyOnRight" />
    </UnitTest>
    <UnitTest name="CheckNumberOfGenerationRunsOnDisposedObject" storage="g:\jasonbock\personal\writing\metaprogramming .net\code samples\metadotnetbook\chapter6\expressionevolver\expressionevolver.tests\bin\debug\expressionevolver.tests.dll" id="89686dd6-ef6f-28f9-c33f-67a7e3bfdf42">
      <Execution id="0fc4c353-0f89-4fa8-bcce-39eb7567067b" />
      <TestMethod codeBase="G:/JasonBock/Personal/Writing/Metaprogramming .NET/Code Samples/MetaDotNetBook/Chapter6/ExpressionEvolver/ExpressionEvolver.Tests/bin/Debug/ExpressionEvolver.Tests.DLL" adapterTypeName="Microsoft.VisualStudio.TestTools.TestTypes.Unit.UnitTestAdapter, Microsoft.VisualStudio.QualityTools.Tips.UnitTest.Adapter, Version=10.0.0.0, Culture=neutral, PublicKeyToken=b03f5f7f11d50a3a" className="ExpressionEvolver.Tests.ExpressionEvolverGeneticAlgorithmParametersPropertyTests, ExpressionEvolver.Tests, Version=1.0.0.0, Culture=neutral, PublicKeyToken=null" name="CheckNumberOfGenerationRunsOnDisposedObject" />
    </UnitTest>
    <UnitTest name="CompressWithMultiplyingOfOneOnLeft" storage="g:\jasonbock\personal\writing\metaprogramming .net\code samples\metadotnetbook\chapter6\expressionevolver\expressionevolver.tests\bin\debug\expressionevolver.tests.dll" id="0c4ace6c-7ed9-12e4-0648-085ff7df49c2">
      <Execution id="07915e48-294f-4ecb-9251-9c3f16cfd281" />
      <TestMethod codeBase="G:/JasonBock/Personal/Writing/Metaprogramming .NET/Code Samples/MetaDotNetBook/Chapter6/ExpressionEvolver/ExpressionEvolver.Tests/bin/Debug/ExpressionEvolver.Tests.DLL" adapterTypeName="Microsoft.VisualStudio.TestTools.TestTypes.Unit.UnitTestAdapter, Microsoft.VisualStudio.QualityTools.Tips.UnitTest.Adapter, Version=10.0.0.0, Culture=neutral, PublicKeyToken=b03f5f7f11d50a3a" className="ExpressionEvolver.Tests.ExpressionExtensionsTests, ExpressionEvolver.Tests, Version=1.0.0.0, Culture=neutral, PublicKeyToken=null" name="CompressWithMultiplyingOfOneOnLeft" />
    </UnitTest>
    <UnitTest name="GetNodeOfLambda" storage="g:\jasonbock\personal\writing\metaprogramming .net\code samples\metadotnetbook\chapter6\expressionevolver\expressionevolver.tests\bin\debug\expressionevolver.tests.dll" id="efa922fe-8424-cb0a-8c63-10210e0eae92">
      <Execution id="15f2cd82-15ec-487c-86c1-672524f7ca6f" />
      <TestMethod codeBase="G:/JasonBock/Personal/Writing/Metaprogramming .NET/Code Samples/MetaDotNetBook/Chapter6/ExpressionEvolver/ExpressionEvolver.Tests/bin/Debug/ExpressionEvolver.Tests.DLL" adapterTypeName="Microsoft.VisualStudio.TestTools.TestTypes.Unit.UnitTestAdapter, Microsoft.VisualStudio.QualityTools.Tips.UnitTest.Adapter, Version=10.0.0.0, Culture=neutral, PublicKeyToken=b03f5f7f11d50a3a" className="ExpressionEvolver.Tests.ExpressionExtensionsTests, ExpressionEvolver.Tests, Version=1.0.0.0, Culture=neutral, PublicKeyToken=null" name="GetNodeOfLambda" />
    </UnitTest>
    <UnitTest name="CreateSquareRootOfParameter" storage="g:\jasonbock\personal\writing\metaprogramming .net\code samples\metadotnetbook\chapter6\expressionevolver\expressionevolver.tests\bin\debug\expressionevolver.tests.dll" id="47de5929-a17f-e0af-9cc0-d490622ae800">
      <Execution id="19c94860-b9fd-4475-a055-f538ab4512d5" />
      <TestMethod codeBase="G:/JasonBock/Personal/Writing/Metaprogramming .NET/Code Samples/MetaDotNetBook/Chapter6/ExpressionEvolver/ExpressionEvolver.Tests/bin/Debug/ExpressionEvolver.Tests.DLL" adapterTypeName="Microsoft.VisualStudio.TestTools.TestTypes.Unit.UnitTestAdapter, Microsoft.VisualStudio.QualityTools.Tips.UnitTest.Adapter, Version=10.0.0.0, Culture=neutral, PublicKeyToken=b03f5f7f11d50a3a" className="ExpressionEvolver.Tests.RandomExpressionGeneratorTests, ExpressionEvolver.Tests, Version=1.0.0.0, Culture=neutral, PublicKeyToken=null" name="CreateSquareRootOfParameter" />
    </UnitTest>
    <UnitTest name="ReplacePowerRightPart" storage="g:\jasonbock\personal\writing\metaprogramming .net\code samples\metadotnetbook\chapter6\expressionevolver\expressionevolver.tests\bin\debug\expressionevolver.tests.dll" id="145ff47c-de52-9171-ed8a-b6592f3fb4d6">
      <Execution id="00e27aae-1f19-40fa-8d0e-438e7da21ee5" />
      <TestMethod codeBase="G:/JasonBock/Personal/Writing/Metaprogramming .NET/Code Samples/MetaDotNetBook/Chapter6/ExpressionEvolver/ExpressionEvolver.Tests/bin/Debug/ExpressionEvolver.Tests.DLL" adapterTypeName="Microsoft.VisualStudio.TestTools.TestTypes.Unit.UnitTestAdapter, Microsoft.VisualStudio.QualityTools.Tips.UnitTest.Adapter, Version=10.0.0.0, Culture=neutral, PublicKeyToken=b03f5f7f11d50a3a" className="ExpressionEvolver.Tests.ReplacementVisitorTests, ExpressionEvolver.Tests, Version=1.0.0.0, Culture=neutral, PublicKeyToken=null" name="ReplacePowerRightPart" />
    </UnitTest>
    <UnitTest name="Create" storage="g:\jasonbock\personal\writing\metaprogramming .net\code samples\metadotnetbook\chapter6\expressionevolver\geneticalgorithm.tests\bin\debug\geneticalgorithm.tests.dll" id="15e24d22-6af1-3d63-2c4d-6f45796ad421">
      <Execution id="b14fb438-0270-42e4-bcae-0d8cf153b617" />
      <TestMethod codeBase="G:/JasonBock/Personal/Writing/Metaprogramming .NET/Code Samples/MetaDotNetBook/Chapter6/ExpressionEvolver/GeneticAlgorithm.Tests/bin/Debug/GeneticAlgorithm.Tests.DLL" adapterTypeName="Microsoft.VisualStudio.TestTools.TestTypes.Unit.UnitTestAdapter, Microsoft.VisualStudio.QualityTools.Tips.UnitTest.Adapter, Version=10.0.0.0, Culture=neutral, PublicKeyToken=b03f5f7f11d50a3a" className="GeneticAlgorithm.Tests.ChromosomeTests, GeneticAlgorithm.Tests, Version=1.0.0.0, Culture=neutral, PublicKeyToken=null" name="Create" />
    </UnitTest>
    <UnitTest name="CrossoverWithNullParents" storage="g:\jasonbock\personal\writing\metaprogramming .net\code samples\metadotnetbook\chapter6\expressionevolver\expressionevolver.tests\bin\debug\expressionevolver.tests.dll" id="a7b466f3-b0b8-ec7e-a4c2-258f94c96244">
      <Execution id="353ec280-68f1-46b5-b4c2-1e32cb1562f2" />
      <TestMethod codeBase="G:/JasonBock/Personal/Writing/Metaprogramming .NET/Code Samples/MetaDotNetBook/Chapter6/ExpressionEvolver/ExpressionEvolver.Tests/bin/Debug/ExpressionEvolver.Tests.DLL" adapterTypeName="Microsoft.VisualStudio.TestTools.TestTypes.Unit.UnitTestAdapter, Microsoft.VisualStudio.QualityTools.Tips.UnitTest.Adapter, Version=10.0.0.0, Culture=neutral, PublicKeyToken=b03f5f7f11d50a3a" className="ExpressionEvolver.Tests.ExpressionEvolverGeneticAlgorithmParametersCrossoverTests, ExpressionEvolver.Tests, Version=1.0.0.0, Culture=neutral, PublicKeyToken=null" name="CrossoverWithNullParents" />
    </UnitTest>
    <UnitTest name="CheckPopulationSizeOnDisposedObject" storage="g:\jasonbock\personal\writing\metaprogramming .net\code samples\metadotnetbook\chapter6\expressionevolver\expressionevolver.tests\bin\debug\expressionevolver.tests.dll" id="fdcecf0b-35f3-d3b9-d177-940c415b4c00">
      <Execution id="668420b6-38c4-4b5f-be71-57f543e9d6d1" />
      <TestMethod codeBase="G:/JasonBock/Personal/Writing/Metaprogramming .NET/Code Samples/MetaDotNetBook/Chapter6/ExpressionEvolver/ExpressionEvolver.Tests/bin/Debug/ExpressionEvolver.Tests.DLL" adapterTypeName="Microsoft.VisualStudio.TestTools.TestTypes.Unit.UnitTestAdapter, Microsoft.VisualStudio.QualityTools.Tips.UnitTest.Adapter, Version=10.0.0.0, Culture=neutral, PublicKeyToken=b03f5f7f11d50a3a" className="ExpressionEvolver.Tests.ExpressionEvolverGeneticAlgorithmParametersPropertyTests, ExpressionEvolver.Tests, Version=1.0.0.0, Culture=neutral, PublicKeyToken=null" name="CheckPopulationSizeOnDisposedObject" />
    </UnitTest>
    <UnitTest name="EvaluateFitnessWithNullArgument" storage="g:\jasonbock\personal\writing\metaprogramming .net\code samples\metadotnetbook\chapter6\expressionevolver\expressionevolver.tests\bin\debug\expressionevolver.tests.dll" id="54e7c43a-171b-f420-6d20-9f4bc2e3b1de">
      <Execution id="f021cefc-7517-4de1-acf2-6d4c8278a037" />
      <TestMethod codeBase="G:/JasonBock/Personal/Writing/Metaprogramming .NET/Code Samples/MetaDotNetBook/Chapter6/ExpressionEvolver/ExpressionEvolver.Tests/bin/Debug/ExpressionEvolver.Tests.DLL" adapterTypeName="Microsoft.VisualStudio.TestTools.TestTypes.Unit.UnitTestAdapter, Microsoft.VisualStudio.QualityTools.Tips.UnitTest.Adapter, Version=10.0.0.0, Culture=neutral, PublicKeyToken=b03f5f7f11d50a3a" className="ExpressionEvolver.Tests.ExpressionEvolverGeneticAlgorithmParametersFitnessEvaluatorTests, ExpressionEvolver.Tests, Version=1.0.0.0, Culture=neutral, PublicKeyToken=null" name="EvaluateFitnessWithNullArgument" />
    </UnitTest>
    <UnitTest name="GetNodeCountWithNullArgument" storage="g:\jasonbock\personal\writing\metaprogramming .net\code samples\metadotnetbook\chapter6\expressionevolver\expressionevolver.tests\bin\debug\expressionevolver.tests.dll" id="f2d06b69-1b53-bdfa-5c40-8170c9a0812c">
      <Execution id="2a91c9cc-bef7-40a7-8572-b697119271ef" />
      <TestMethod codeBase="G:/JasonBock/Personal/Writing/Metaprogramming .NET/Code Samples/MetaDotNetBook/Chapter6/ExpressionEvolver/ExpressionEvolver.Tests/bin/Debug/ExpressionEvolver.Tests.DLL" adapterTypeName="Microsoft.VisualStudio.TestTools.TestTypes.Unit.UnitTestAdapter, Microsoft.VisualStudio.QualityTools.Tips.UnitTest.Adapter, Version=10.0.0.0, Culture=neutral, PublicKeyToken=b03f5f7f11d50a3a" className="ExpressionEvolver.Tests.ExpressionExtensionsTests, ExpressionEvolver.Tests, Version=1.0.0.0, Culture=neutral, PublicKeyToken=null" name="GetNodeCountWithNullArgument" />
    </UnitTest>
    <UnitTest name="CreateViaFuncCountAndVariance" storage="g:\jasonbock\personal\writing\metaprogramming .net\code samples\metadotnetbook\chapter6\expressionevolver\expressionevolver.tests\bin\debug\expressionevolver.tests.dll" id="dbf1ea4e-cd32-6e47-f99f-855986f06976">
      <Execution id="e0fb9db9-c12f-4e2c-9e02-bc0107b844a0" />
      <TestMethod codeBase="G:/JasonBock/Personal/Writing/Metaprogramming .NET/Code Samples/MetaDotNetBook/Chapter6/ExpressionEvolver/ExpressionEvolver.Tests/bin/Debug/ExpressionEvolver.Tests.DLL" adapterTypeName="Microsoft.VisualStudio.TestTools.TestTypes.Unit.UnitTestAdapter, Microsoft.VisualStudio.QualityTools.Tips.UnitTest.Adapter, Version=10.0.0.0, Culture=neutral, PublicKeyToken=b03f5f7f11d50a3a" className="ExpressionEvolver.Tests.ExpressionEvolverGeneticAlgorithmParametersConstructionTests, ExpressionEvolver.Tests, Version=1.0.0.0, Culture=neutral, PublicKeyToken=null" name="CreateViaFuncCountAndVariance" />
    </UnitTest>
    <UnitTest name="CreateWithFuncThrowingArithmeticException" storage="g:\jasonbock\personal\writing\metaprogramming .net\code samples\metadotnetbook\chapter6\expressionevolver\expressionevolver.tests\bin\debug\expressionevolver.tests.dll" id="29e73d84-a96e-0e71-40f4-5cb8b21dab4d">
      <Execution id="5b6a6949-c5d2-4df5-b84d-6a58bc2c15af" />
      <TestMethod codeBase="G:/JasonBock/Personal/Writing/Metaprogramming .NET/Code Samples/MetaDotNetBook/Chapter6/ExpressionEvolver/ExpressionEvolver.Tests/bin/Debug/ExpressionEvolver.Tests.DLL" adapterTypeName="Microsoft.VisualStudio.TestTools.TestTypes.Unit.UnitTestAdapter, Microsoft.VisualStudio.QualityTools.Tips.UnitTest.Adapter, Version=10.0.0.0, Culture=neutral, PublicKeyToken=b03f5f7f11d50a3a" className="ExpressionEvolver.Tests.ExpressionEvolverGeneticAlgorithmParametersConstructionTests, ExpressionEvolver.Tests, Version=1.0.0.0, Culture=neutral, PublicKeyToken=null" name="CreateWithFuncThrowingArithmeticException" />
    </UnitTest>
    <UnitTest name="CreateAddOfPositiveConstantAndParameter" storage="g:\jasonbock\personal\writing\metaprogramming .net\code samples\metadotnetbook\chapter6\expressionevolver\expressionevolver.tests\bin\debug\expressionevolver.tests.dll" id="72da20f2-142e-0ff3-88b6-35c6b7254699">
      <Execution id="a81d23e6-7645-4b13-bb0d-10c014f58be1" />
      <TestMethod codeBase="G:/JasonBock/Personal/Writing/Metaprogramming .NET/Code Samples/MetaDotNetBook/Chapter6/ExpressionEvolver/ExpressionEvolver.Tests/bin/Debug/ExpressionEvolver.Tests.DLL" adapterTypeName="Microsoft.VisualStudio.TestTools.TestTypes.Unit.UnitTestAdapter, Microsoft.VisualStudio.QualityTools.Tips.UnitTest.Adapter, Version=10.0.0.0, Culture=neutral, PublicKeyToken=b03f5f7f11d50a3a" className="ExpressionEvolver.Tests.RandomExpressionGeneratorTests, ExpressionEvolver.Tests, Version=1.0.0.0, Culture=neutral, PublicKeyToken=null" name="CreateAddOfPositiveConstantAndParameter" />
    </UnitTest>
    <UnitTest name="CreateViaResultsAndNullRandom" storage="g:\jasonbock\personal\writing\metaprogramming .net\code samples\metadotnetbook\chapter6\expressionevolver\expressionevolver.tests\bin\debug\expressionevolver.tests.dll" id="bd34201d-f4d6-1b8b-6e65-4505201b44ae">
      <Execution id="8be010be-1118-4ebc-a30e-9b396bbc1cb9" />
      <TestMethod codeBase="G:/JasonBock/Personal/Writing/Metaprogramming .NET/Code Samples/MetaDotNetBook/Chapter6/ExpressionEvolver/ExpressionEvolver.Tests/bin/Debug/ExpressionEvolver.Tests.DLL" adapterTypeName="Microsoft.VisualStudio.TestTools.TestTypes.Unit.UnitTestAdapter, Microsoft.VisualStudio.QualityTools.Tips.UnitTest.Adapter, Version=10.0.0.0, Culture=neutral, PublicKeyToken=b03f5f7f11d50a3a" className="ExpressionEvolver.Tests.ExpressionEvolverGeneticAlgorithmParametersConstructionTests, ExpressionEvolver.Tests, Version=1.0.0.0, Culture=neutral, PublicKeyToken=null" name="CreateViaResultsAndNullRandom" />
    </UnitTest>
    <UnitTest name="CreateViaNullFunc" storage="g:\jasonbock\personal\writing\metaprogramming .net\code samples\metadotnetbook\chapter6\expressionevolver\expressionevolver.tests\bin\debug\expressionevolver.tests.dll" id="1d1fd183-cd75-e8eb-862a-d510bede7ea1">
      <Execution id="848862d1-959b-4cb1-95f5-b3dd3ae0de4f" />
      <TestMethod codeBase="G:/JasonBock/Personal/Writing/Metaprogramming .NET/Code Samples/MetaDotNetBook/Chapter6/ExpressionEvolver/ExpressionEvolver.Tests/bin/Debug/ExpressionEvolver.Tests.DLL" adapterTypeName="Microsoft.VisualStudio.TestTools.TestTypes.Unit.UnitTestAdapter, Microsoft.VisualStudio.QualityTools.Tips.UnitTest.Adapter, Version=10.0.0.0, Culture=neutral, PublicKeyToken=b03f5f7f11d50a3a" className="ExpressionEvolver.Tests.ExpressionEvolverGeneticAlgorithmParametersConstructionTests, ExpressionEvolver.Tests, Version=1.0.0.0, Culture=neutral, PublicKeyToken=null" name="CreateViaNullFunc" />
    </UnitTest>
    <UnitTest name="CreateWhenPopulationIsEmpty" storage="g:\jasonbock\personal\writing\metaprogramming .net\code samples\metadotnetbook\chapter6\expressionevolver\geneticalgorithm.tests\bin\debug\geneticalgorithm.tests.dll" id="cc32baca-2626-858f-2354-1fdfc73c00f5">
      <Execution id="9b031aec-9f79-406d-8d02-77c66681be8b" />
      <TestMethod codeBase="G:/JasonBock/Personal/Writing/Metaprogramming .NET/Code Samples/MetaDotNetBook/Chapter6/ExpressionEvolver/GeneticAlgorithm.Tests/bin/Debug/GeneticAlgorithm.Tests.DLL" adapterTypeName="Microsoft.VisualStudio.TestTools.TestTypes.Unit.UnitTestAdapter, Microsoft.VisualStudio.QualityTools.Tips.UnitTest.Adapter, Version=10.0.0.0, Culture=neutral, PublicKeyToken=b03f5f7f11d50a3a" className="GeneticAlgorithm.Tests.PopulationTests, GeneticAlgorithm.Tests, Version=1.0.0.0, Culture=neutral, PublicKeyToken=null" name="CreateWhenPopulationIsEmpty" />
    </UnitTest>
    <UnitTest name="CompressWithDividingOfConstantsOnRight" storage="g:\jasonbock\personal\writing\metaprogramming .net\code samples\metadotnetbook\chapter6\expressionevolver\expressionevolver.tests\bin\debug\expressionevolver.tests.dll" id="c014d805-2e93-5f2d-b8ae-00a710954321">
      <Execution id="e01a883a-3596-4ddb-b5e6-2844d1cb24a9" />
      <TestMethod codeBase="G:/JasonBock/Personal/Writing/Metaprogramming .NET/Code Samples/MetaDotNetBook/Chapter6/ExpressionEvolver/ExpressionEvolver.Tests/bin/Debug/ExpressionEvolver.Tests.DLL" adapterTypeName="Microsoft.VisualStudio.TestTools.TestTypes.Unit.UnitTestAdapter, Microsoft.VisualStudio.QualityTools.Tips.UnitTest.Adapter, Version=10.0.0.0, Culture=neutral, PublicKeyToken=b03f5f7f11d50a3a" className="ExpressionEvolver.Tests.ExpressionExtensionsTests, ExpressionEvolver.Tests, Version=1.0.0.0, Culture=neutral, PublicKeyToken=null" name="CompressWithDividingOfConstantsOnRight" />
    </UnitTest>
    <UnitTest name="ReplaceDivideRightPart" storage="g:\jasonbock\personal\writing\metaprogramming .net\code samples\metadotnetbook\chapter6\expressionevolver\expressionevolver.tests\bin\debug\expressionevolver.tests.dll" id="31c847fb-b546-0474-03c5-f501dfd166e2">
      <Execution id="4a9bb2a0-866c-44d3-bec0-8169beb57c85" />
      <TestMethod codeBase="G:/JasonBock/Personal/Writing/Metaprogramming .NET/Code Samples/MetaDotNetBook/Chapter6/ExpressionEvolver/ExpressionEvolver.Tests/bin/Debug/ExpressionEvolver.Tests.DLL" adapterTypeName="Microsoft.VisualStudio.TestTools.TestTypes.Unit.UnitTestAdapter, Microsoft.VisualStudio.QualityTools.Tips.UnitTest.Adapter, Version=10.0.0.0, Culture=neutral, PublicKeyToken=b03f5f7f11d50a3a" className="ExpressionEvolver.Tests.ReplacementVisitorTests, ExpressionEvolver.Tests, Version=1.0.0.0, Culture=neutral, PublicKeyToken=null" name="ReplaceDivideRightPart" />
    </UnitTest>
    <UnitTest name="CreateMultiplyOfPositiveConstantAndParameter" storage="g:\jasonbock\personal\writing\metaprogramming .net\code samples\metadotnetbook\chapter6\expressionevolver\expressionevolver.tests\bin\debug\expressionevolver.tests.dll" id="48ac608d-f7e1-0a3d-7a3f-abf76ba3be0d">
      <Execution id="82dd79fd-7cd7-4592-b7a4-b1a6a1cd4046" />
      <TestMethod codeBase="G:/JasonBock/Personal/Writing/Metaprogramming .NET/Code Samples/MetaDotNetBook/Chapter6/ExpressionEvolver/ExpressionEvolver.Tests/bin/Debug/ExpressionEvolver.Tests.DLL" adapterTypeName="Microsoft.VisualStudio.TestTools.TestTypes.Unit.UnitTestAdapter, Microsoft.VisualStudio.QualityTools.Tips.UnitTest.Adapter, Version=10.0.0.0, Culture=neutral, PublicKeyToken=b03f5f7f11d50a3a" className="ExpressionEvolver.Tests.RandomExpressionGeneratorTests, ExpressionEvolver.Tests, Version=1.0.0.0, Culture=neutral, PublicKeyToken=null" name="CreateMultiplyOfPositiveConstantAndParameter" />
    </UnitTest>
    <UnitTest name="CreateParameterOnlyBody" storage="g:\jasonbock\personal\writing\metaprogramming .net\code samples\metadotnetbook\chapter6\expressionevolver\expressionevolver.tests\bin\debug\expressionevolver.tests.dll" id="c3ccfe1d-c4b4-9f37-0960-9ad2697c4c0d">
      <Execution id="cb0639c9-bbea-4b75-934d-7b494354ea48" />
      <TestMethod codeBase="G:/JasonBock/Personal/Writing/Metaprogramming .NET/Code Samples/MetaDotNetBook/Chapter6/ExpressionEvolver/ExpressionEvolver.Tests/bin/Debug/ExpressionEvolver.Tests.DLL" adapterTypeName="Microsoft.VisualStudio.TestTools.TestTypes.Unit.UnitTestAdapter, Microsoft.VisualStudio.QualityTools.Tips.UnitTest.Adapter, Version=10.0.0.0, Culture=neutral, PublicKeyToken=b03f5f7f11d50a3a" className="ExpressionEvolver.Tests.RandomExpressionGeneratorTests, ExpressionEvolver.Tests, Version=1.0.0.0, Culture=neutral, PublicKeyToken=null" name="CreateParameterOnlyBody" />
    </UnitTest>
    <UnitTest name="CreateWithNullParameters" storage="g:\jasonbock\personal\writing\metaprogramming .net\code samples\metadotnetbook\chapter6\expressionevolver\geneticalgorithm.tests\bin\debug\geneticalgorithm.tests.dll" id="1dc99201-9e6c-44cf-eb1d-932de7410663">
      <Execution id="acb69e8d-ab7e-431f-9811-31c8eefcee5f" />
      <TestMethod codeBase="G:/JasonBock/Personal/Writing/Metaprogramming .NET/Code Samples/MetaDotNetBook/Chapter6/ExpressionEvolver/GeneticAlgorithm.Tests/bin/Debug/GeneticAlgorithm.Tests.DLL" adapterTypeName="Microsoft.VisualStudio.TestTools.TestTypes.Unit.UnitTestAdapter, Microsoft.VisualStudio.QualityTools.Tips.UnitTest.Adapter, Version=10.0.0.0, Culture=neutral, PublicKeyToken=b03f5f7f11d50a3a" className="GeneticAlgorithm.Tests.GeneticAlgorithmTests, GeneticAlgorithm.Tests, Version=1.0.0.0, Culture=neutral, PublicKeyToken=null" name="CreateWithNullParameters" />
    </UnitTest>
    <UnitTest name="CreateSubtractOfParameterAndNegativeConstant" storage="g:\jasonbock\personal\writing\metaprogramming .net\code samples\metadotnetbook\chapter6\expressionevolver\expressionevolver.tests\bin\debug\expressionevolver.tests.dll" id="3088d711-edcf-8dce-5aa7-fac6385a2d6e">
      <Execution id="f6ed61fe-58cd-4f7c-80db-af48bea9b7e4" />
      <TestMethod codeBase="G:/JasonBock/Personal/Writing/Metaprogramming .NET/Code Samples/MetaDotNetBook/Chapter6/ExpressionEvolver/ExpressionEvolver.Tests/bin/Debug/ExpressionEvolver.Tests.DLL" adapterTypeName="Microsoft.VisualStudio.TestTools.TestTypes.Unit.UnitTestAdapter, Microsoft.VisualStudio.QualityTools.Tips.UnitTest.Adapter, Version=10.0.0.0, Culture=neutral, PublicKeyToken=b03f5f7f11d50a3a" className="ExpressionEvolver.Tests.RandomExpressionGeneratorTests, ExpressionEvolver.Tests, Version=1.0.0.0, Culture=neutral, PublicKeyToken=null" name="CreateSubtractOfParameterAndNegativeConstant" />
    </UnitTest>
    <UnitTest name="CreateExpressionWhenBothSidesAreConstantsNegativeConstantAndParameter" storage="g:\jasonbock\personal\writing\metaprogramming .net\code samples\metadotnetbook\chapter6\expressionevolver\expressionevolver.tests\bin\debug\expressionevolver.tests.dll" id="eb115a9c-28b6-13ae-0054-4f87878ed931">
      <Execution id="012faaee-5b5e-45bc-9323-e8a6d64a5070" />
      <TestMethod codeBase="G:/JasonBock/Personal/Writing/Metaprogramming .NET/Code Samples/MetaDotNetBook/Chapter6/ExpressionEvolver/ExpressionEvolver.Tests/bin/Debug/ExpressionEvolver.Tests.DLL" adapterTypeName="Microsoft.VisualStudio.TestTools.TestTypes.Unit.UnitTestAdapter, Microsoft.VisualStudio.QualityTools.Tips.UnitTest.Adapter, Version=10.0.0.0, Culture=neutral, PublicKeyToken=b03f5f7f11d50a3a" className="ExpressionEvolver.Tests.RandomExpressionGeneratorTests, ExpressionEvolver.Tests, Version=1.0.0.0, Culture=neutral, PublicKeyToken=null" name="CreateExpressionWhenBothSidesAreConstantsNegativeConstantAndParameter" />
    </UnitTest>
    <UnitTest name="ReplacePowerLeftPart" storage="g:\jasonbock\personal\writing\metaprogramming .net\code samples\metadotnetbook\chapter6\expressionevolver\expressionevolver.tests\bin\debug\expressionevolver.tests.dll" id="adff05a7-0f7e-dabb-caa6-b91b39b6cc7b">
      <Execution id="83f44704-90d5-44f7-aafb-182657703e22" />
      <TestMethod codeBase="G:/JasonBock/Personal/Writing/Metaprogramming .NET/Code Samples/MetaDotNetBook/Chapter6/ExpressionEvolver/ExpressionEvolver.Tests/bin/Debug/ExpressionEvolver.Tests.DLL" adapterTypeName="Microsoft.VisualStudio.TestTools.TestTypes.Unit.UnitTestAdapter, Microsoft.VisualStudio.QualityTools.Tips.UnitTest.Adapter, Version=10.0.0.0, Culture=neutral, PublicKeyToken=b03f5f7f11d50a3a" className="ExpressionEvolver.Tests.ReplacementVisitorTests, ExpressionEvolver.Tests, Version=1.0.0.0, Culture=neutral, PublicKeyToken=null" name="ReplacePowerLeftPart" />
    </UnitTest>
    <UnitTest name="CreateAddOfParameterAndNegativeConstant" storage="g:\jasonbock\personal\writing\metaprogramming .net\code samples\metadotnetbook\chapter6\expressionevolver\expressionevolver.tests\bin\debug\expressionevolver.tests.dll" id="8a15324f-18f1-590c-5e12-c65c48d91962">
      <Execution id="adfcf65d-0bee-497b-b0e8-554963873483" />
      <TestMethod codeBase="G:/JasonBock/Personal/Writing/Metaprogramming .NET/Code Samples/MetaDotNetBook/Chapter6/ExpressionEvolver/ExpressionEvolver.Tests/bin/Debug/ExpressionEvolver.Tests.DLL" adapterTypeName="Microsoft.VisualStudio.TestTools.TestTypes.Unit.UnitTestAdapter, Microsoft.VisualStudio.QualityTools.Tips.UnitTest.Adapter, Version=10.0.0.0, Culture=neutral, PublicKeyToken=b03f5f7f11d50a3a" className="ExpressionEvolver.Tests.RandomExpressionGeneratorTests, ExpressionEvolver.Tests, Version=1.0.0.0, Culture=neutral, PublicKeyToken=null" name="CreateAddOfParameterAndNegativeConstant" />
    </UnitTest>
    <UnitTest name="GetNodeWithNullArgument" storage="g:\jasonbock\personal\writing\metaprogramming .net\code samples\metadotnetbook\chapter6\expressionevolver\expressionevolver.tests\bin\debug\expressionevolver.tests.dll" id="b866fbd2-8aa4-0c63-2595-11ab29a3e586">
      <Execution id="f5b6436a-b0cf-4d27-af2a-58d94f8ccf93" />
      <TestMethod codeBase="G:/JasonBock/Personal/Writing/Metaprogramming .NET/Code Samples/MetaDotNetBook/Chapter6/ExpressionEvolver/ExpressionEvolver.Tests/bin/Debug/ExpressionEvolver.Tests.DLL" adapterTypeName="Microsoft.VisualStudio.TestTools.TestTypes.Unit.UnitTestAdapter, Microsoft.VisualStudio.QualityTools.Tips.UnitTest.Adapter, Version=10.0.0.0, Culture=neutral, PublicKeyToken=b03f5f7f11d50a3a" className="ExpressionEvolver.Tests.ExpressionExtensionsTests, ExpressionEvolver.Tests, Version=1.0.0.0, Culture=neutral, PublicKeyToken=null" name="GetNodeWithNullArgument" />
    </UnitTest>
    <UnitTest name="CreateMultiplyOfParameterAndNegativeConstant" storage="g:\jasonbock\personal\writing\metaprogramming .net\code samples\metadotnetbook\chapter6\expressionevolver\expressionevolver.tests\bin\debug\expressionevolver.tests.dll" id="93b3b298-35b3-c72d-e7ed-f372281c6941">
      <Execution id="d3f1c535-0ecb-433e-b972-37697334343e" />
      <TestMethod codeBase="G:/JasonBock/Personal/Writing/Metaprogramming .NET/Code Samples/MetaDotNetBook/Chapter6/ExpressionEvolver/ExpressionEvolver.Tests/bin/Debug/ExpressionEvolver.Tests.DLL" adapterTypeName="Microsoft.VisualStudio.TestTools.TestTypes.Unit.UnitTestAdapter, Microsoft.VisualStudio.QualityTools.Tips.UnitTest.Adapter, Version=10.0.0.0, Culture=neutral, PublicKeyToken=b03f5f7f11d50a3a" className="ExpressionEvolver.Tests.RandomExpressionGeneratorTests, ExpressionEvolver.Tests, Version=1.0.0.0, Culture=neutral, PublicKeyToken=null" name="CreateMultiplyOfParameterAndNegativeConstant" />
    </UnitTest>
    <UnitTest name="CreateSubtractOfNegativeConstantAndParameter" storage="g:\jasonbock\personal\writing\metaprogramming .net\code samples\metadotnetbook\chapter6\expressionevolver\expressionevolver.tests\bin\debug\expressionevolver.tests.dll" id="d5ef73cf-1f94-c408-005b-936413a6c714">
      <Execution id="4dc0451a-28e0-4f37-adbe-97e9c05db941" />
      <TestMethod codeBase="G:/JasonBock/Personal/Writing/Metaprogramming .NET/Code Samples/MetaDotNetBook/Chapter6/ExpressionEvolver/ExpressionEvolver.Tests/bin/Debug/ExpressionEvolver.Tests.DLL" adapterTypeName="Microsoft.VisualStudio.TestTools.TestTypes.Unit.UnitTestAdapter, Microsoft.VisualStudio.QualityTools.Tips.UnitTest.Adapter, Version=10.0.0.0, Culture=neutral, PublicKeyToken=b03f5f7f11d50a3a" className="ExpressionEvolver.Tests.RandomExpressionGeneratorTests, ExpressionEvolver.Tests, Version=1.0.0.0, Culture=neutral, PublicKeyToken=null" name="CreateSubtractOfNegativeConstantAndParameter" />
    </UnitTest>
    <UnitTest name="Mutate" storage="g:\jasonbock\personal\writing\metaprogramming .net\code samples\metadotnetbook\chapter6\expressionevolver\expressionevolver.tests\bin\debug\expressionevolver.tests.dll" id="949e61c3-7d7c-be8d-9157-25c4f7ff819f">
      <Execution id="01ac632c-9558-4535-856b-633b4cc0a97b" />
      <TestMethod codeBase="G:/JasonBock/Personal/Writing/Metaprogramming .NET/Code Samples/MetaDotNetBook/Chapter6/ExpressionEvolver/ExpressionEvolver.Tests/bin/Debug/ExpressionEvolver.Tests.DLL" adapterTypeName="Microsoft.VisualStudio.TestTools.TestTypes.Unit.UnitTestAdapter, Microsoft.VisualStudio.QualityTools.Tips.UnitTest.Adapter, Version=10.0.0.0, Culture=neutral, PublicKeyToken=b03f5f7f11d50a3a" className="ExpressionEvolver.Tests.ExpressionEvolverGeneticAlgorithmParametersMutatorTests, ExpressionEvolver.Tests, Version=1.0.0.0, Culture=neutral, PublicKeyToken=null" name="Mutate" />
    </UnitTest>
    <UnitTest name="Run" storage="g:\jasonbock\personal\writing\metaprogramming .net\code samples\metadotnetbook\chapter6\expressionevolver\geneticalgorithm.tests\bin\debug\geneticalgorithm.tests.dll" id="67449f0c-0ee7-648b-834c-e9ad41504b7c">
      <Execution id="22eb0aea-7a85-497f-8851-53127ed26b26" />
      <TestMethod codeBase="G:/JasonBock/Personal/Writing/Metaprogramming .NET/Code Samples/MetaDotNetBook/Chapter6/ExpressionEvolver/GeneticAlgorithm.Tests/bin/Debug/GeneticAlgorithm.Tests.DLL" adapterTypeName="Microsoft.VisualStudio.TestTools.TestTypes.Unit.UnitTestAdapter, Microsoft.VisualStudio.QualityTools.Tips.UnitTest.Adapter, Version=10.0.0.0, Culture=neutral, PublicKeyToken=b03f5f7f11d50a3a" className="GeneticAlgorithm.Tests.GeneticAlgorithmTests, GeneticAlgorithm.Tests, Version=1.0.0.0, Culture=neutral, PublicKeyToken=null" name="Run" />
    </UnitTest>
    <UnitTest name="Create" storage="g:\jasonbock\personal\writing\metaprogramming .net\code samples\metadotnetbook\chapter6\expressionevolver\geneticalgorithm.tests\bin\debug\geneticalgorithm.tests.dll" id="bf25a094-527a-e4de-26fd-e6bc13571a24">
      <Execution id="a85d65ca-924f-49c9-b29e-a1b782da6b13" />
      <TestMethod codeBase="G:/JasonBock/Personal/Writing/Metaprogramming .NET/Code Samples/MetaDotNetBook/Chapter6/ExpressionEvolver/GeneticAlgorithm.Tests/bin/Debug/GeneticAlgorithm.Tests.DLL" adapterTypeName="Microsoft.VisualStudio.TestTools.TestTypes.Unit.UnitTestAdapter, Microsoft.VisualStudio.QualityTools.Tips.UnitTest.Adapter, Version=10.0.0.0, Culture=neutral, PublicKeyToken=b03f5f7f11d50a3a" className="GeneticAlgorithm.Tests.GeneticAlgorithmTests, GeneticAlgorithm.Tests, Version=1.0.0.0, Culture=neutral, PublicKeyToken=null" name="Create" />
    </UnitTest>
    <UnitTest name="CreateViaFunc" storage="g:\jasonbock\personal\writing\metaprogramming .net\code samples\metadotnetbook\chapter6\expressionevolver\expressionevolver.tests\bin\debug\expressionevolver.tests.dll" id="d77ff7e3-5de7-96c2-846f-5560f6f1fc92">
      <Execution id="95467ea7-0c4c-4e6d-a5b0-08df8543d149" />
      <TestMethod codeBase="G:/JasonBock/Personal/Writing/Metaprogramming .NET/Code Samples/MetaDotNetBook/Chapter6/ExpressionEvolver/ExpressionEvolver.Tests/bin/Debug/ExpressionEvolver.Tests.DLL" adapterTypeName="Microsoft.VisualStudio.TestTools.TestTypes.Unit.UnitTestAdapter, Microsoft.VisualStudio.QualityTools.Tips.UnitTest.Adapter, Version=10.0.0.0, Culture=neutral, PublicKeyToken=b03f5f7f11d50a3a" className="ExpressionEvolver.Tests.ExpressionEvolverGeneticAlgorithmParametersConstructionTests, ExpressionEvolver.Tests, Version=1.0.0.0, Culture=neutral, PublicKeyToken=null" name="CreateViaFunc" />
    </UnitTest>
    <UnitTest name="CompressWithNullArgument" storage="g:\jasonbock\personal\writing\metaprogramming .net\code samples\metadotnetbook\chapter6\expressionevolver\expressionevolver.tests\bin\debug\expressionevolver.tests.dll" id="ce0e6eda-1070-1579-b632-edd303fc39c4">
      <Execution id="720db399-b6d8-4145-8c11-988bb2bc4569" />
      <TestMethod codeBase="G:/JasonBock/Personal/Writing/Metaprogramming .NET/Code Samples/MetaDotNetBook/Chapter6/ExpressionEvolver/ExpressionEvolver.Tests/bin/Debug/ExpressionEvolver.Tests.DLL" adapterTypeName="Microsoft.VisualStudio.TestTools.TestTypes.Unit.UnitTestAdapter, Microsoft.VisualStudio.QualityTools.Tips.UnitTest.Adapter, Version=10.0.0.0, Culture=neutral, PublicKeyToken=b03f5f7f11d50a3a" className="ExpressionEvolver.Tests.ExpressionExtensionsTests, ExpressionEvolver.Tests, Version=1.0.0.0, Culture=neutral, PublicKeyToken=null" name="CompressWithNullArgument" />
    </UnitTest>
    <UnitTest name="ReplaceParameterInSubtractOnRight" storage="g:\jasonbock\personal\writing\metaprogramming .net\code samples\metadotnetbook\chapter6\expressionevolver\expressionevolver.tests\bin\debug\expressionevolver.tests.dll" id="0fdfbfd2-3ed8-18f2-9ce7-7f0e779f8148">
      <Execution id="78f81cff-092f-4645-ac50-3a852d539a73" />
      <TestMethod codeBase="G:/JasonBock/Personal/Writing/Metaprogramming .NET/Code Samples/MetaDotNetBook/Chapter6/ExpressionEvolver/ExpressionEvolver.Tests/bin/Debug/ExpressionEvolver.Tests.DLL" adapterTypeName="Microsoft.VisualStudio.TestTools.TestTypes.Unit.UnitTestAdapter, Microsoft.VisualStudio.QualityTools.Tips.UnitTest.Adapter, Version=10.0.0.0, Culture=neutral, PublicKeyToken=b03f5f7f11d50a3a" className="ExpressionEvolver.Tests.ReplacementVisitorTests, ExpressionEvolver.Tests, Version=1.0.0.0, Culture=neutral, PublicKeyToken=null" name="ReplaceParameterInSubtractOnRight" />
    </UnitTest>
    <UnitTest name="RunWhenNumberOfGenerationsIsZeroAndGenerationEventIsSetAndSolutionIsAlwaysNull" storage="g:\jasonbock\personal\writing\metaprogramming .net\code samples\metadotnetbook\chapter6\expressionevolver\geneticalgorithm.tests\bin\debug\geneticalgorithm.tests.dll" id="5c1e7265-83bf-b533-fb21-b4d5ca620738">
      <Execution id="b2aafbb3-ea43-4701-a43c-ef00bd544977" />
      <TestMethod codeBase="G:/JasonBock/Personal/Writing/Metaprogramming .NET/Code Samples/MetaDotNetBook/Chapter6/ExpressionEvolver/GeneticAlgorithm.Tests/bin/Debug/GeneticAlgorithm.Tests.DLL" adapterTypeName="Microsoft.VisualStudio.TestTools.TestTypes.Unit.UnitTestAdapter, Microsoft.VisualStudio.QualityTools.Tips.UnitTest.Adapter, Version=10.0.0.0, Culture=neutral, PublicKeyToken=b03f5f7f11d50a3a" className="GeneticAlgorithm.Tests.GeneticAlgorithmTests, GeneticAlgorithm.Tests, Version=1.0.0.0, Culture=neutral, PublicKeyToken=null" name="RunWhenNumberOfGenerationsIsZeroAndGenerationEventIsSetAndSolutionIsAlwaysNull" />
    </UnitTest>
    <UnitTest name="CreateWithNullRandom" storage="g:\jasonbock\personal\writing\metaprogramming .net\code samples\metadotnetbook\chapter6\expressionevolver\expressionevolver.tests\bin\debug\expressionevolver.tests.dll" id="c3f763d9-28f6-2067-89b7-5f6a8d0e3843">
      <Execution id="eefab11e-fade-4282-9155-855ed113c565" />
      <TestMethod codeBase="G:/JasonBock/Personal/Writing/Metaprogramming .NET/Code Samples/MetaDotNetBook/Chapter6/ExpressionEvolver/ExpressionEvolver.Tests/bin/Debug/ExpressionEvolver.Tests.DLL" adapterTypeName="Microsoft.VisualStudio.TestTools.TestTypes.Unit.UnitTestAdapter, Microsoft.VisualStudio.QualityTools.Tips.UnitTest.Adapter, Version=10.0.0.0, Culture=neutral, PublicKeyToken=b03f5f7f11d50a3a" className="ExpressionEvolver.Tests.RandomExpressionGeneratorTests, ExpressionEvolver.Tests, Version=1.0.0.0, Culture=neutral, PublicKeyToken=null" name="CreateWithNullRandom" />
    </UnitTest>
    <UnitTest name="TerminatorWithTermination" storage="g:\jasonbock\personal\writing\metaprogramming .net\code samples\metadotnetbook\chapter6\expressionevolver\expressionevolver.tests\bin\debug\expressionevolver.tests.dll" id="f8094fdf-0e77-87a9-d4c2-7fec63b1400d">
      <Execution id="c737cfea-81ae-41f3-ba3b-394bbe0d2e9a" />
      <TestMethod codeBase="G:/JasonBock/Personal/Writing/Metaprogramming .NET/Code Samples/MetaDotNetBook/Chapter6/ExpressionEvolver/ExpressionEvolver.Tests/bin/Debug/ExpressionEvolver.Tests.DLL" adapterTypeName="Microsoft.VisualStudio.TestTools.TestTypes.Unit.UnitTestAdapter, Microsoft.VisualStudio.QualityTools.Tips.UnitTest.Adapter, Version=10.0.0.0, Culture=neutral, PublicKeyToken=b03f5f7f11d50a3a" className="ExpressionEvolver.Tests.ExpressionEvolverGeneticAlgorithmParametersTerminatorTests, ExpressionEvolver.Tests, Version=1.0.0.0, Culture=neutral, PublicKeyToken=null" name="TerminatorWithTermination" />
    </UnitTest>
    <UnitTest name="CompressWithPowerOfConstantsOnLeft" storage="g:\jasonbock\personal\writing\metaprogramming .net\code samples\metadotnetbook\chapter6\expressionevolver\expressionevolver.tests\bin\debug\expressionevolver.tests.dll" id="6fe13556-2875-4182-2dec-34a05088fc82">
      <Execution id="912218a7-5634-41a7-80d8-5746151cf54d" />
      <TestMethod codeBase="G:/JasonBock/Personal/Writing/Metaprogramming .NET/Code Samples/MetaDotNetBook/Chapter6/ExpressionEvolver/ExpressionEvolver.Tests/bin/Debug/ExpressionEvolver.Tests.DLL" adapterTypeName="Microsoft.VisualStudio.TestTools.TestTypes.Unit.UnitTestAdapter, Microsoft.VisualStudio.QualityTools.Tips.UnitTest.Adapter, Version=10.0.0.0, Culture=neutral, PublicKeyToken=b03f5f7f11d50a3a" className="ExpressionEvolver.Tests.ExpressionExtensionsTests, ExpressionEvolver.Tests, Version=1.0.0.0, Culture=neutral, PublicKeyToken=null" name="CompressWithPowerOfConstantsOnLeft" />
    </UnitTest>
    <UnitTest name="CreateViaFuncCountVarianceAndRandom" storage="g:\jasonbock\personal\writing\metaprogramming .net\code samples\metadotnetbook\chapter6\expressionevolver\expressionevolver.tests\bin\debug\expressionevolver.tests.dll" id="6964924c-05d1-dbad-4f3a-9e7ab1b0e8a1">
      <Execution id="0ac8d364-9fe0-4d25-8d93-3a7a570fe787" />
      <TestMethod codeBase="G:/JasonBock/Personal/Writing/Metaprogramming .NET/Code Samples/MetaDotNetBook/Chapter6/ExpressionEvolver/ExpressionEvolver.Tests/bin/Debug/ExpressionEvolver.Tests.DLL" adapterTypeName="Microsoft.VisualStudio.TestTools.TestTypes.Unit.UnitTestAdapter, Microsoft.VisualStudio.QualityTools.Tips.UnitTest.Adapter, Version=10.0.0.0, Culture=neutral, PublicKeyToken=b03f5f7f11d50a3a" className="ExpressionEvolver.Tests.ExpressionEvolverGeneticAlgorithmParametersConstructionTests, ExpressionEvolver.Tests, Version=1.0.0.0, Culture=neutral, PublicKeyToken=null" name="CreateViaFuncCountVarianceAndRandom" />
    </UnitTest>
    <UnitTest name="ReplaceParameterInPowerOnLeft" storage="g:\jasonbock\personal\writing\metaprogramming .net\code samples\metadotnetbook\chapter6\expressionevolver\expressionevolver.tests\bin\debug\expressionevolver.tests.dll" id="c0774163-4740-3786-cd9e-22e121b74125">
      <Execution id="2d993d60-05c3-4fc0-a72b-ba5a2ea4f834" />
      <TestMethod codeBase="G:/JasonBock/Personal/Writing/Metaprogramming .NET/Code Samples/MetaDotNetBook/Chapter6/ExpressionEvolver/ExpressionEvolver.Tests/bin/Debug/ExpressionEvolver.Tests.DLL" adapterTypeName="Microsoft.VisualStudio.TestTools.TestTypes.Unit.UnitTestAdapter, Microsoft.VisualStudio.QualityTools.Tips.UnitTest.Adapter, Version=10.0.0.0, Culture=neutral, PublicKeyToken=b03f5f7f11d50a3a" className="ExpressionEvolver.Tests.ReplacementVisitorTests, ExpressionEvolver.Tests, Version=1.0.0.0, Culture=neutral, PublicKeyToken=null" name="ReplaceParameterInPowerOnLeft" />
    </UnitTest>
    <UnitTest name="CreateDivideOfParameterAndNegativeConstant" storage="g:\jasonbock\personal\writing\metaprogramming .net\code samples\metadotnetbook\chapter6\expressionevolver\expressionevolver.tests\bin\debug\expressionevolver.tests.dll" id="2006d7a3-3bc7-bea9-2c55-c3e6f5f4392c">
      <Execution id="43690d14-3322-4ee5-9e6a-5ef8d05a01f3" />
      <TestMethod codeBase="G:/JasonBock/Personal/Writing/Metaprogramming .NET/Code Samples/MetaDotNetBook/Chapter6/ExpressionEvolver/ExpressionEvolver.Tests/bin/Debug/ExpressionEvolver.Tests.DLL" adapterTypeName="Microsoft.VisualStudio.TestTools.TestTypes.Unit.UnitTestAdapter, Microsoft.VisualStudio.QualityTools.Tips.UnitTest.Adapter, Version=10.0.0.0, Culture=neutral, PublicKeyToken=b03f5f7f11d50a3a" className="ExpressionEvolver.Tests.RandomExpressionGeneratorTests, ExpressionEvolver.Tests, Version=1.0.0.0, Culture=neutral, PublicKeyToken=null" name="CreateDivideOfParameterAndNegativeConstant" />
    </UnitTest>
    <UnitTest name="CheckProperties" storage="g:\jasonbock\personal\writing\metaprogramming .net\code samples\metadotnetbook\chapter6\expressionevolver\expressionevolver.tests\bin\debug\expressionevolver.tests.dll" id="422c856a-2f20-9839-4fc9-5c7697e83323">
      <Execution id="f68aee58-9011-4200-b71f-f28fbad341c3" />
      <TestMethod codeBase="G:/JasonBock/Personal/Writing/Metaprogramming .NET/Code Samples/MetaDotNetBook/Chapter6/ExpressionEvolver/ExpressionEvolver.Tests/bin/Debug/ExpressionEvolver.Tests.DLL" adapterTypeName="Microsoft.VisualStudio.TestTools.TestTypes.Unit.UnitTestAdapter, Microsoft.VisualStudio.QualityTools.Tips.UnitTest.Adapter, Version=10.0.0.0, Culture=neutral, PublicKeyToken=b03f5f7f11d50a3a" className="ExpressionEvolver.Tests.ExpressionEvolverGeneticAlgorithmParametersPropertyTests, ExpressionEvolver.Tests, Version=1.0.0.0, Culture=neutral, PublicKeyToken=null" name="CheckProperties" />
    </UnitTest>
    <UnitTest name="ReplaceUnsupportedBinaryExpression" storage="g:\jasonbock\personal\writing\metaprogramming .net\code samples\metadotnetbook\chapter6\expressionevolver\expressionevolver.tests\bin\debug\expressionevolver.tests.dll" id="bf543379-04a4-a02b-8d45-d6415372de17">
      <Execution id="d098a18c-e1d8-4d1e-a4a1-1e2416542184" />
      <TestMethod codeBase="G:/JasonBock/Personal/Writing/Metaprogramming .NET/Code Samples/MetaDotNetBook/Chapter6/ExpressionEvolver/ExpressionEvolver.Tests/bin/Debug/ExpressionEvolver.Tests.DLL" adapterTypeName="Microsoft.VisualStudio.TestTools.TestTypes.Unit.UnitTestAdapter, Microsoft.VisualStudio.QualityTools.Tips.UnitTest.Adapter, Version=10.0.0.0, Culture=neutral, PublicKeyToken=b03f5f7f11d50a3a" className="ExpressionEvolver.Tests.ReplacementVisitorTests, ExpressionEvolver.Tests, Version=1.0.0.0, Culture=neutral, PublicKeyToken=null" name="ReplaceUnsupportedBinaryExpression" />
    </UnitTest>
    <UnitTest name="TerminatorWithNoTermination" storage="g:\jasonbock\personal\writing\metaprogramming .net\code samples\metadotnetbook\chapter6\expressionevolver\expressionevolver.tests\bin\debug\expressionevolver.tests.dll" id="7f4f22f6-66f8-6241-4d21-2df753471ffb">
      <Execution id="82e08cd6-8a99-4896-9207-364e05c0c553" />
      <TestMethod codeBase="G:/JasonBock/Personal/Writing/Metaprogramming .NET/Code Samples/MetaDotNetBook/Chapter6/ExpressionEvolver/ExpressionEvolver.Tests/bin/Debug/ExpressionEvolver.Tests.DLL" adapterTypeName="Microsoft.VisualStudio.TestTools.TestTypes.Unit.UnitTestAdapter, Microsoft.VisualStudio.QualityTools.Tips.UnitTest.Adapter, Version=10.0.0.0, Culture=neutral, PublicKeyToken=b03f5f7f11d50a3a" className="ExpressionEvolver.Tests.ExpressionEvolverGeneticAlgorithmParametersTerminatorTests, ExpressionEvolver.Tests, Version=1.0.0.0, Culture=neutral, PublicKeyToken=null" name="TerminatorWithNoTermination" />
    </UnitTest>
    <UnitTest name="GeneratePopulationOnDisposedObject" storage="g:\jasonbock\personal\writing\metaprogramming .net\code samples\metadotnetbook\chapter6\expressionevolver\expressionevolver.tests\bin\debug\expressionevolver.tests.dll" id="beaca5b9-4d5b-cf84-2fca-3b3ad73419d3">
      <Execution id="e1c62756-c508-442f-b8f8-4f0fdbac4589" />
      <TestMethod codeBase="G:/JasonBock/Personal/Writing/Metaprogramming .NET/Code Samples/MetaDotNetBook/Chapter6/ExpressionEvolver/ExpressionEvolver.Tests/bin/Debug/ExpressionEvolver.Tests.DLL" adapterTypeName="Microsoft.VisualStudio.TestTools.TestTypes.Unit.UnitTestAdapter, Microsoft.VisualStudio.QualityTools.Tips.UnitTest.Adapter, Version=10.0.0.0, Culture=neutral, PublicKeyToken=b03f5f7f11d50a3a" className="ExpressionEvolver.Tests.ExpressionEvolverGeneticAlgorithmParametersGeneratePopulationTests, ExpressionEvolver.Tests, Version=1.0.0.0, Culture=neutral, PublicKeyToken=null" name="GeneratePopulationOnDisposedObject" />
    </UnitTest>
    <UnitTest name="CompressWithDividingOfConstantsOnLeft" storage="g:\jasonbock\personal\writing\metaprogramming .net\code samples\metadotnetbook\chapter6\expressionevolver\expressionevolver.tests\bin\debug\expressionevolver.tests.dll" id="98ed3766-1d5a-b3bf-a72c-cada89a514ee">
      <Execution id="4bd59dd4-1de5-437a-b0a0-cde14f9ff4ce" />
      <TestMethod codeBase="G:/JasonBock/Personal/Writing/Metaprogramming .NET/Code Samples/MetaDotNetBook/Chapter6/ExpressionEvolver/ExpressionEvolver.Tests/bin/Debug/ExpressionEvolver.Tests.DLL" adapterTypeName="Microsoft.VisualStudio.TestTools.TestTypes.Unit.UnitTestAdapter, Microsoft.VisualStudio.QualityTools.Tips.UnitTest.Adapter, Version=10.0.0.0, Culture=neutral, PublicKeyToken=b03f5f7f11d50a3a" className="ExpressionEvolver.Tests.ExpressionExtensionsTests, ExpressionEvolver.Tests, Version=1.0.0.0, Culture=neutral, PublicKeyToken=null" name="CompressWithDividingOfConstantsOnLeft" />
    </UnitTest>
    <UnitTest name="ReplaceParameterInMultiplyOnLeft" storage="g:\jasonbock\personal\writing\metaprogramming .net\code samples\metadotnetbook\chapter6\expressionevolver\expressionevolver.tests\bin\debug\expressionevolver.tests.dll" id="3dfc0b52-6f63-b555-83e6-96089165101a">
      <Execution id="42b7c219-10f3-4248-917e-9e1e535cb865" />
      <TestMethod codeBase="G:/JasonBock/Personal/Writing/Metaprogramming .NET/Code Samples/MetaDotNetBook/Chapter6/ExpressionEvolver/ExpressionEvolver.Tests/bin/Debug/ExpressionEvolver.Tests.DLL" adapterTypeName="Microsoft.VisualStudio.TestTools.TestTypes.Unit.UnitTestAdapter, Microsoft.VisualStudio.QualityTools.Tips.UnitTest.Adapter, Version=10.0.0.0, Culture=neutral, PublicKeyToken=b03f5f7f11d50a3a" className="ExpressionEvolver.Tests.ReplacementVisitorTests, ExpressionEvolver.Tests, Version=1.0.0.0, Culture=neutral, PublicKeyToken=null" name="ReplaceParameterInMultiplyOnLeft" />
    </UnitTest>
    <UnitTest name="ReplaceMultiplyLeftPart" storage="g:\jasonbock\personal\writing\metaprogramming .net\code samples\metadotnetbook\chapter6\expressionevolver\expressionevolver.tests\bin\debug\expressionevolver.tests.dll" id="7720a32d-4468-60d4-518c-be6ade616b3f">
      <Execution id="56d56fc9-7bf0-49fc-ae4c-4febb01bc92b" />
      <TestMethod codeBase="G:/JasonBock/Personal/Writing/Metaprogramming .NET/Code Samples/MetaDotNetBook/Chapter6/ExpressionEvolver/ExpressionEvolver.Tests/bin/Debug/ExpressionEvolver.Tests.DLL" adapterTypeName="Microsoft.VisualStudio.TestTools.TestTypes.Unit.UnitTestAdapter, Microsoft.VisualStudio.QualityTools.Tips.UnitTest.Adapter, Version=10.0.0.0, Culture=neutral, PublicKeyToken=b03f5f7f11d50a3a" className="ExpressionEvolver.Tests.ReplacementVisitorTests, ExpressionEvolver.Tests, Version=1.0.0.0, Culture=neutral, PublicKeyToken=null" name="ReplaceMultiplyLeftPart" />
    </UnitTest>
    <UnitTest name="SelectFittestChildren" storage="g:\jasonbock\personal\writing\metaprogramming .net\code samples\metadotnetbook\chapter6\expressionevolver\expressionevolver.tests\bin\debug\expressionevolver.tests.dll" id="9bebaeb1-9206-e380-e60f-f3b97f9382d4">
      <Execution id="74259da4-9f01-4d93-b5bd-d13d7b8b4118" />
      <TestMethod codeBase="G:/JasonBock/Personal/Writing/Metaprogramming .NET/Code Samples/MetaDotNetBook/Chapter6/ExpressionEvolver/ExpressionEvolver.Tests/bin/Debug/ExpressionEvolver.Tests.DLL" adapterTypeName="Microsoft.VisualStudio.TestTools.TestTypes.Unit.UnitTestAdapter, Microsoft.VisualStudio.QualityTools.Tips.UnitTest.Adapter, Version=10.0.0.0, Culture=neutral, PublicKeyToken=b03f5f7f11d50a3a" className="ExpressionEvolver.Tests.ExpressionEvolverGeneticAlgorithmParametersSelectFittestChildrenTests, ExpressionEvolver.Tests, Version=1.0.0.0, Culture=neutral, PublicKeyToken=null" name="SelectFittestChildren" />
    </UnitTest>
    <UnitTest name="MutateOnDisposedObject" storage="g:\jasonbock\personal\writing\metaprogramming .net\code samples\metadotnetbook\chapter6\expressionevolver\expressionevolver.tests\bin\debug\expressionevolver.tests.dll" id="7d3bdd0f-891f-e270-3572-e64070ef3d7d">
      <Execution id="f20e3cc9-c81d-40d6-8fb9-8d8c4a8b45a4" />
      <TestMethod codeBase="G:/JasonBock/Personal/Writing/Metaprogramming .NET/Code Samples/MetaDotNetBook/Chapter6/ExpressionEvolver/ExpressionEvolver.Tests/bin/Debug/ExpressionEvolver.Tests.DLL" adapterTypeName="Microsoft.VisualStudio.TestTools.TestTypes.Unit.UnitTestAdapter, Microsoft.VisualStudio.QualityTools.Tips.UnitTest.Adapter, Version=10.0.0.0, Culture=neutral, PublicKeyToken=b03f5f7f11d50a3a" className="ExpressionEvolver.Tests.ExpressionEvolverGeneticAlgorithmParametersMutatorTests, ExpressionEvolver.Tests, Version=1.0.0.0, Culture=neutral, PublicKeyToken=null" name="MutateOnDisposedObject" />
    </UnitTest>
    <UnitTest name="CrossoverWithEmptyParents" storage="g:\jasonbock\personal\writing\metaprogramming .net\code samples\metadotnetbook\chapter6\expressionevolver\expressionevolver.tests\bin\debug\expressionevolver.tests.dll" id="901a8106-e620-0cc3-b9ff-33c393033365">
      <Execution id="c0ae158f-0415-49d6-a811-a86174302632" />
      <TestMethod codeBase="G:/JasonBock/Personal/Writing/Metaprogramming .NET/Code Samples/MetaDotNetBook/Chapter6/ExpressionEvolver/ExpressionEvolver.Tests/bin/Debug/ExpressionEvolver.Tests.DLL" adapterTypeName="Microsoft.VisualStudio.TestTools.TestTypes.Unit.UnitTestAdapter, Microsoft.VisualStudio.QualityTools.Tips.UnitTest.Adapter, Version=10.0.0.0, Culture=neutral, PublicKeyToken=b03f5f7f11d50a3a" className="ExpressionEvolver.Tests.ExpressionEvolverGeneticAlgorithmParametersCrossoverTests, ExpressionEvolver.Tests, Version=1.0.0.0, Culture=neutral, PublicKeyToken=null" name="CrossoverWithEmptyParents" />
    </UnitTest>
    <UnitTest name="CompressWithMultiplyingOfParameters" storage="g:\jasonbock\personal\writing\metaprogramming .net\code samples\metadotnetbook\chapter6\expressionevolver\expressionevolver.tests\bin\debug\expressionevolver.tests.dll" id="d3aa65ac-a753-4de0-9a8c-d170f7009390">
      <Execution id="8858a409-d4f6-4232-975d-e5dbee787d9f" />
      <TestMethod codeBase="G:/JasonBock/Personal/Writing/Metaprogramming .NET/Code Samples/MetaDotNetBook/Chapter6/ExpressionEvolver/ExpressionEvolver.Tests/bin/Debug/ExpressionEvolver.Tests.DLL" adapterTypeName="Microsoft.VisualStudio.TestTools.TestTypes.Unit.UnitTestAdapter, Microsoft.VisualStudio.QualityTools.Tips.UnitTest.Adapter, Version=10.0.0.0, Culture=neutral, PublicKeyToken=b03f5f7f11d50a3a" className="ExpressionEvolver.Tests.ExpressionExtensionsTests, ExpressionEvolver.Tests, Version=1.0.0.0, Culture=neutral, PublicKeyToken=null" name="CompressWithMultiplyingOfParameters" />
    </UnitTest>
    <UnitTest name="CompressWithPowerOfParameters" storage="g:\jasonbock\personal\writing\metaprogramming .net\code samples\metadotnetbook\chapter6\expressionevolver\expressionevolver.tests\bin\debug\expressionevolver.tests.dll" id="9d87bc7a-0c76-c5fb-53a5-bb25a5d44672">
      <Execution id="271bc23f-d938-45b2-a43d-da8c58c4d732" />
      <TestMethod codeBase="G:/JasonBock/Personal/Writing/Metaprogramming .NET/Code Samples/MetaDotNetBook/Chapter6/ExpressionEvolver/ExpressionEvolver.Tests/bin/Debug/ExpressionEvolver.Tests.DLL" adapterTypeName="Microsoft.VisualStudio.TestTools.TestTypes.Unit.UnitTestAdapter, Microsoft.VisualStudio.QualityTools.Tips.UnitTest.Adapter, Version=10.0.0.0, Culture=neutral, PublicKeyToken=b03f5f7f11d50a3a" className="ExpressionEvolver.Tests.ExpressionExtensionsTests, ExpressionEvolver.Tests, Version=1.0.0.0, Culture=neutral, PublicKeyToken=null" name="CompressWithPowerOfParameters" />
    </UnitTest>
    <UnitTest name="CreateWhenPopulationIsNull" storage="g:\jasonbock\personal\writing\metaprogramming .net\code samples\metadotnetbook\chapter6\expressionevolver\geneticalgorithm.tests\bin\debug\geneticalgorithm.tests.dll" id="4592dc73-1999-6d44-649d-bf8a50b592d8">
      <Execution id="affa87af-0e05-4b65-bbdd-024170a6d64b" />
      <TestMethod codeBase="G:/JasonBock/Personal/Writing/Metaprogramming .NET/Code Samples/MetaDotNetBook/Chapter6/ExpressionEvolver/GeneticAlgorithm.Tests/bin/Debug/GeneticAlgorithm.Tests.DLL" adapterTypeName="Microsoft.VisualStudio.TestTools.TestTypes.Unit.UnitTestAdapter, Microsoft.VisualStudio.QualityTools.Tips.UnitTest.Adapter, Version=10.0.0.0, Culture=neutral, PublicKeyToken=b03f5f7f11d50a3a" className="GeneticAlgorithm.Tests.PopulationTests, GeneticAlgorithm.Tests, Version=1.0.0.0, Culture=neutral, PublicKeyToken=null" name="CreateWhenPopulationIsNull" />
    </UnitTest>
    <UnitTest name="ReplaceMultiply" storage="g:\jasonbock\personal\writing\metaprogramming .net\code samples\metadotnetbook\chapter6\expressionevolver\expressionevolver.tests\bin\debug\expressionevolver.tests.dll" id="053b0821-25f9-f741-d4a7-ebe0572d625e">
      <Execution id="2b86c8e6-e5dc-4365-ab2f-8e744511b128" />
[...]
   at System.Linq.Enumerable.&lt;&gt;c__DisplayClass12`3.&lt;CombineSelectors&gt;b__11(TSource x)
   at System.Linq.Enumerable.WhereSelectArrayIterator`2.MoveNext()
   at System.Linq.Enumerable.FirstOrDefault[TSource](IEnumerable`1 source, Func`2 predicate)
   at NSubstitute.Routing.Route.Handle(ICall call)
   at NSubstitute.Core.CallRouter.Route(ICall call)
   at NSubstitute.Proxies.CastleDynamicProxy.CastleForwardingInterceptor.Intercept(IInvocation invocation)
   at Castle.DynamicProxy.AbstractInvocation.Proceed()
   at Castle.Proxies.SecureRandomProxy.NextDouble()
   at ExpressionEvolver.RandomExpressionGenerator.GetConstant() in G:\JasonBock\Personal\Writing\Metaprogramming .NET\Code Samples\MetaDotNetBook\Chapter6\ExpressionEvolver\ExpressionEvolver\RandomExpressionGenerator.cs:line 47
   at ExpressionEvolver.RandomExpressionGenerator.GetRandomOperation(Operators operator) in G:\JasonBock\Personal\Writing\Metaprogramming .NET\Code Samples\MetaDotNetBook\Chapter6\ExpressionEvolver\ExpressionEvolver\RandomExpressionGenerator.cs:line 77
   at ExpressionEvolver.RandomExpressionGenerator.GenerateBody(Int32 maximumOperationCount) in G:\JasonBock\Personal\Writing\Metaprogramming .NET\Code Samples\MetaDotNetBook\Chapter6\ExpressionEvolver\ExpressionEvolver\RandomExpressionGenerator.cs:line 42
   at ExpressionEvolver.RandomExpressionGenerator..ctor(Int32 maximumOperationCount, Double injectConstantProbabilityValue, Double constantLimit, ParameterExpression parameter, SecureRandom random) in G:\JasonBock\Personal\Writing\Metaprogramming .NET\Code Samples\MetaDotNetBook\Chapter6\ExpressionEvolver\ExpressionEvolver\RandomExpressionGenerator.cs:line 33
   at ExpressionEvolver.Tests.RandomExpressionGeneratorTests.GenerateExpression(Int32 operationValue, Boolean isConstantPositive, Boolean isLeftConstant, Boolean isRightConstant) in G:\JasonBock\Personal\Writing\Metaprogramming .NET\Code Samples\MetaDotNetBook\Chapter6\ExpressionEvolver\ExpressionEvolver.Tests\RandomExpressionGeneratorTests.cs:line 87
   at ExpressionEvolver.Tests.RandomExpressionGeneratorTests.CreateAddOfNegativeConstantAndParameter() in G:\JasonBock\Personal\Writing\Metaprogramming .NET\Code Samples\MetaDotNetBook\Chapter6\ExpressionEvolver\ExpressionEvolver.Tests\RandomExpressionGeneratorTests.cs:line 107
</StackTrace>
        </ErrorInfo>
      </Output>
    </UnitTestResult>
    <UnitTestResult executionId="3bd43ae7-cad7-4204-acbd-2e29c99d49c8" testId="e4db20be-90e9-179b-c19f-4ef2c00bf22a" testName="CreateViaEmptyResults" computerName="JASONB-PC" duration="00:00:00.0008962" startTime="2012-03-11T16:34:04.1107563-05:00" endTime="2012-03-11T16:34:04.1187568-05:00" testType="13cdc9d9-ddb5-4fa4-a97d-d965ccfc6d4b" outcome="Passed" testListId="8c84fa94-04c1-424b-9868-57a2d4851a1d" relativeResultsDirectory="3bd43ae7-cad7-4204-acbd-2e29c99d49c8">
    </UnitTestResult>
    <UnitTestResult executionId="012faaee-5b5e-45bc-9323-e8a6d64a5070" testId="eb115a9c-28b6-13ae-0054-4f87878ed931" testName="CreateExpressionWhenBothSidesAreConstantsNegativeConstantAndParameter" computerName="JASONB-PC" duration="00:00:00.0033720" startTime="2012-03-11T16:34:04.1207569-05:00" endTime="2012-03-11T16:34:04.1277573-05:00" testType="13cdc9d9-ddb5-4fa4-a97d-d965ccfc6d4b" outcome="Failed" testListId="8c84fa94-04c1-424b-9868-57a2d4851a1d" relativeResultsDirectory="012faaee-5b5e-45bc-9323-e8a6d64a5070">
      <Output>
        <ErrorInfo>
          <Message>Test method ExpressionEvolver.Tests.RandomExpressionGeneratorTests.CreateExpressionWhenBothSidesAreConstantsNegativeConstantAndParameter threw exception: 
System.InvalidOperationException: Too many NextDouble() calls.</Message>
          <StackTrace>    at ExpressionEvolver.Tests.RandomExpressionGeneratorTests.&lt;&gt;c__DisplayClass3.&lt;GenerateExpression&gt;b__2(CallInfo _) in G:\JasonBock\Personal\Writing\Metaprogramming .NET\Code Samples\MetaDotNetBook\Chapter6\ExpressionEvolver\ExpressionEvolver.Tests\RandomExpressionGeneratorTests.cs:line 81
   at NSubstitute.Core.ReturnValueFromFunc`1.ReturnFor(CallInfo info)
   at NSubstitute.Core.CallResults.GetResult(ICall call)
   at NSubstitute.Routing.Handlers.ReturnConfiguredResultHandler.Handle(ICall call)
   at NSubstitute.Routing.Route.&lt;&gt;c__DisplayClass3.&lt;Handle&gt;b__0(ICallHandler x)
   at System.Linq.Enumerable.&lt;&gt;c__DisplayClass12`3.&lt;CombineSelectors&gt;b__11(TSource x)
   at System.Linq.Enumerable.WhereSelectArrayIterator`2.MoveNext()
   at System.Linq.Enumerable.FirstOrDefault[TSource](IEnumerable`1 source, Func`2 predicate)
   at NSubstitute.Routing.Route.Handle(ICall call)
   at NSubstitute.Core.CallRouter.Route(ICall call)
   at NSubstitute.Proxies.CastleDynamicProxy.CastleForwardingInterceptor.Intercept(IInvocation invocation)
   at Castle.DynamicProxy.AbstractInvocation.Proceed()
   at Castle.Proxies.SecureRandomProxy.NextDouble()
   at ExpressionEvolver.RandomExpressionGenerator.GetConstant() in G:\JasonBock\Personal\Writing\Metaprogramming .NET\Code Samples\MetaDotNetBook\Chapter6\ExpressionEvolver\ExpressionEvolver\RandomExpressionGenerator.cs:line 47
   at ExpressionEvolver.RandomExpressionGenerator.GetRandomOperation(Operators operator) in G:\JasonBock\Personal\Writing\Metaprogramming .NET\Code Samples\MetaDotNetBook\Chapter6\ExpressionEvolver\ExpressionEvolver\RandomExpressionGenerator.cs:line 77
   at ExpressionEvolver.RandomExpressionGenerator.GenerateBody(Int32 maximumOperationCount) in G:\JasonBock\Personal\Writing\Metaprogramming .NET\Code Samples\MetaDotNetBook\Chapter6\ExpressionEvolver\ExpressionEvolver\RandomExpressionGenerator.cs:line 42
   at ExpressionEvolver.RandomExpressionGenerator..ctor(Int32 maximumOperationCount, Double injectConstantProbabilityValue, Double constantLimit, ParameterExpression parameter, SecureRandom random) in G:\JasonBock\Personal\Writing\Metaprogramming .NET\Code Samples\MetaDotNetBook\Chapter6\ExpressionEvolver\ExpressionEvolver\RandomExpressionGenerator.cs:line 33
   at ExpressionEvolver.Tests.RandomExpressionGeneratorTests.GenerateExpression(Int32 operationValue, Boolean isConstantPositive, Boolean isLeftConstant, Boolean isRightConstant) in G:\JasonBock\Personal\Writing\Metaprogramming .NET\Code Samples\MetaDotNetBook\Chapter6\ExpressionEvolver\ExpressionEvolver.Tests\RandomExpressionGeneratorTests.cs:line 87
   at ExpressionEvolver.Tests.RandomExpressionGeneratorTests.CreateExpressionWhenBothSidesAreConstantsNegativeConstantAndParameter() in G:\JasonBock\Personal\Writing\Metaprogramming .NET\Code Samples\MetaDotNetBook\Chapter6\ExpressionEvolver\ExpressionEvolver.Tests\RandomExpressionGeneratorTests.cs:line 100
</StackTrace>
        </ErrorInfo>
      </Output>
    </UnitTestResult>
    <UnitTestResult executionId="f7456941-212d-403d-abc9-e421e7c648b0" testId="ec92ad0b-8559-bd43-9e1e-87fa0e671c77" testName="ReplaceSubtractLeftPart" computerName="JASONB-PC" duration="00:00:00.0010662" startTime="2012-03-11T16:34:04.1287574-05:00" endTime="2012-03-11T16:34:04.1327576-05:00" testType="13cdc9d9-ddb5-4fa4-a97d-d965ccfc6d4b" outcome="Passed" testListId="8c84fa94-04c1-424b-9868-57a2d4851a1d" relativeResultsDirectory="f7456941-212d-403d-abc9-e421e7c648b0">
    </UnitTestResult>
    <UnitTestResult executionId="356f110e-b7a9-48f4-874c-ad0f675d7127" testId="edefbbf0-6ba6-354f-ebeb-47134e27a2ac" testName="RunOneGenerationWithUnsuccessfulTermination" computerName="JASONB-PC" duration="00:00:00.0051215" startTime="2012-03-11T16:34:04.1347577-05:00" endTime="2012-03-11T16:34:04.1437582-05:00" testType="13cdc9d9-ddb5-4fa4-a97d-d965ccfc6d4b" outcome="Passed" testListId="8c84fa94-04c1-424b-9868-57a2d4851a1d" relativeResultsDirectory="356f110e-b7a9-48f4-874c-ad0f675d7127">
    </UnitTestResult>
    <UnitTestResult executionId="a79b7224-ca4d-47be-9a6e-b2e702c990fd" testId="ee1c1495-b6ee-41b5-a0aa-3f83ac036054" testName="CompressWithSubtractingOfConstantsOnLeft" computerName="JASONB-PC" duration="00:00:00.0006736" startTime="2012-03-11T16:34:04.1457583-05:00" endTime="2012-03-11T16:34:04.1507586-05:00" testType="13cdc9d9-ddb5-4fa4-a97d-d965ccfc6d4b" outcome="Passed" testListId="8c84fa94-04c1-424b-9868-57a2d4851a1d" relativeResultsDirectory="a79b7224-ca4d-47be-9a6e-b2e702c990fd">
    </UnitTestResult>
    <UnitTestResult executionId="bfb64d03-921b-4961-91cc-7957c5204c88" testId="ee34faeb-5794-e3cb-90d0-7889ef3a2289" testName="CreateDivideOfNegativeConstantAndParameter" computerName="JASONB-PC" duration="00:00:00.0027618" startTime="2012-03-11T16:34:04.1517587-05:00" endTime="2012-03-11T16:34:04.1577590-05:00" testType="13cdc9d9-ddb5-4fa4-a97d-d965ccfc6d4b" outcome="Failed" testListId="8c84fa94-04c1-424b-9868-57a2d4851a1d" relativeResultsDirectory="bfb64d03-921b-4961-91cc-7957c5204c88">
      <Output>
        <ErrorInfo>
          <Message>Test method ExpressionEvolver.Tests.RandomExpressionGeneratorTests.CreateDivideOfNegativeConstantAndParameter threw exception: 
System.InvalidOperationException: Too many NextDouble() calls.</Message>
          <StackTrace>    at ExpressionEvolver.Tests.RandomExpressionGeneratorTests.&lt;&gt;c__DisplayClass3.&lt;GenerateExpression&gt;b__2(CallInfo _) in G:\JasonBock\Personal\Writing\Metaprogramming .NET\Code Samples\MetaDotNetBook\Chapter6\ExpressionEvolver\ExpressionEvolver.Tests\RandomExpressionGeneratorTests.cs:line 81
   at NSubstitute.Core.ReturnValueFromFunc`1.ReturnFor(CallInfo info)
   at NSubstitute.Core.CallResults.GetResult(ICall call)
   at NSubstitute.Routing.Handlers.ReturnConfiguredResultHandler.Handle(ICall call)
   at NSubstitute.Routing.Route.&lt;&gt;c__DisplayClass3.&lt;Handle&gt;b__0(ICallHandler x)
   at System.Linq.Enumerable.&lt;&gt;c__DisplayClass12`3.&lt;CombineSelectors&gt;b__11(TSource x)
   at System.Linq.Enumerable.WhereSelectArrayIterator`2.MoveNext()
   at System.Linq.Enumerable.FirstOrDefault[TSource](IEnumerable`1 source, Func`2 predicate)
   at NSubstitute.Routing.Route.Handle(ICall call)
   at NSubstitute.Core.CallRouter.Route(ICall call)
   at NSubstitute.Proxies.CastleDynamicProxy.CastleForwardingInterceptor.Intercept(IInvocation invocation)
   at Castle.DynamicProxy.AbstractInvocation.Proceed()
   at Castle.Proxies.SecureRandomProxy.NextDouble()
   at ExpressionEvolver.RandomExpressionGenerator.GetConstant() in G:\JasonBock\Personal\Writing\Metaprogramming .NET\Code Samples\MetaDotNetBook\Chapter6\ExpressionEvolver\ExpressionEvolver\RandomExpressionGenerator.cs:line 47
   at ExpressionEvolver.RandomExpressionGenerator.GetRandomOperation(Operators operator) in G:\JasonBock\Personal\Writing\Metaprogramming .NET\Code Samples\MetaDotNetBook\Chapter6\ExpressionEvolver\ExpressionEvolver\RandomExpressionGenerator.cs:line 77
   at ExpressionEvolver.RandomExpressionGenerator.GenerateBody(Int32 maximumOperationCount) in G:\JasonBock\Personal\Writing\Metaprogramming .NET\Code Samples\MetaDotNetBook\Chapter6\ExpressionEvolver\ExpressionEvolver\RandomExpressionGenerator.cs:line 42
   at ExpressionEvolver.RandomExpressionGenerator..ctor(Int32 maximumOperationCount, Double injectConstantProbabilityValue, Double constantLimit, ParameterExpression parameter, SecureRandom random) in G:\JasonBock\Personal\Writing\Metaprogramming .NET\Code Samples\MetaDotNetBook\Chapter6\ExpressionEvolver\ExpressionEvolver\RandomExpressionGenerator.cs:line 33
   at ExpressionEvolver.Tests.RandomExpressionGeneratorTests.GenerateExpression(Int32 operationValue, Boolean isConstantPositive, Boolean isLeftConstant, Boolean isRightConstant) in G:\JasonBock\Personal\Writing\Metaprogramming .NET\Code Samples\MetaDotNetBook\Chapter6\ExpressionEvolver\ExpressionEvolver.Tests\RandomExpressionGeneratorTests.cs:line 87
   at ExpressionEvolver.Tests.RandomExpressionGeneratorTests.CreateDivideOfNegativeConstantAndParameter() in G:\JasonBock\Personal\Writing\Metaprogramming .NET\Code Samples\MetaDotNetBook\Chapter6\ExpressionEvolver\ExpressionEvolver.Tests\RandomExpressionGeneratorTests.cs:line 191
</StackTrace>
        </ErrorInfo>
      </Output>
    </UnitTestResult>
    <UnitTestResult executionId="15f2cd82-15ec-487c-86c1-672524f7ca6f" testId="efa922fe-8424-cb0a-8c63-10210e0eae92" testName="GetNodeOfLambda" computerName="JASONB-PC" duration="00:00:00.0006864" startTime="2012-03-11T16:34:04.1597591-05:00" endTime="2012-03-11T16:34:04.1637594-05:00" testType="13cdc9d9-ddb5-4fa4-a97d-d965ccfc6d4b" outcome="Passed" testListId="8c84fa94-04c1-424b-9868-57a2d4851a1d" relativeResultsDirectory="15f2cd82-15ec-487c-86c1-672524f7ca6f">
    </UnitTestResult>
    <UnitTestResult executionId="2a91c9cc-bef7-40a7-8572-b697119271ef" testId="f2d06b69-1b53-bdfa-5c40-8170c9a0812c" testName="GetNodeCountWithNullArgument" computerName="JASONB-PC" duration="00:00:00.0005433" startTime="2012-03-11T16:34:04.1647594-05:00" endTime="2012-03-11T16:34:04.1697597-05:00" testType="13cdc9d9-ddb5-4fa4-a97d-d965ccfc6d4b" outcome="Passed" testListId="8c84fa94-04c1-424b-9868-57a2d4851a1d" relativeResultsDirectory="2a91c9cc-bef7-40a7-8572-b697119271ef">
    </UnitTestResult>
    <UnitTestResult executionId="0a44df79-d5f3-4908-9d4f-6772899f302e" testId="f69298a7-5abb-da05-7a04-2b502bb6d9b8" testName="ReplaceSubtract" computerName="JASONB-PC" duration="00:00:00.0009597" startTime="2012-03-11T16:34:04.1707598-05:00" endTime="2012-03-11T16:34:04.1767601-05:00" testType="13cdc9d9-ddb5-4fa4-a97d-d965ccfc6d4b" outcome="Passed" testListId="8c84fa94-04c1-424b-9868-57a2d4851a1d" relativeResultsDirectory="0a44df79-d5f3-4908-9d4f-6772899f302e">
    </UnitTestResult>
    <UnitTestResult executionId="eae2ddbe-0dba-4cfa-b0b4-79c4b4a4848e" testId="f6f5b952-6f59-66de-3925-4733e242b79a" testName="TerminatorOnDisposedObject" computerName="JASONB-PC" duration="00:00:00.0015615" startTime="2012-03-11T16:34:04.1777602-05:00" endTime="2012-03-11T16:34:04.1827604-05:00" testType="13cdc9d9-ddb5-4fa4-a97d-d965ccfc6d4b" outcome="Passed" testListId="8c84fa94-04c1-424b-9868-57a2d4851a1d" relativeResultsDirectory="eae2ddbe-0dba-4cfa-b0b4-79c4b4a4848e">
    </UnitTestResult>
    <UnitTestResult executionId="c737cfea-81ae-41f3-ba3b-394bbe0d2e9a" testId="f8094fdf-0e77-87a9-d4c2-7fec63b1400d" testName="TerminatorWithTermination" computerName="JASONB-PC" duration="00:00:00.0021177" startTime="2012-03-11T16:34:04.1837605-05:00" endTime="2012-03-11T16:34:04.1897608-05:00" testType="13cdc9d9-ddb5-4fa4-a97d-d965ccfc6d4b" outcome="Passed" testListId="8c84fa94-04c1-424b-9868-57a2d4851a1d" relativeResultsDirectory="c737cfea-81ae-41f3-ba3b-394bbe0d2e9a">
    </UnitTestResult>
    <UnitTestResult executionId="8dcabceb-b470-47cd-bf92-fa6e05c22fd0" testId="f8762649-4dde-5174-f3b6-4cb3c3013724" testName="CreateDivideOfPositiveConstantAndParameter" computerName="JASONB-PC" duration="00:00:00.0027452" startTime="2012-03-11T16:34:04.1917610-05:00" endTime="2012-03-11T16:34:04.1977613-05:00" testType="13cdc9d9-ddb5-4fa4-a97d-d965ccfc6d4b" outcome="Failed" testListId="8c84fa94-04c1-424b-9868-57a2d4851a1d" relativeResultsDirectory="8dcabceb-b470-47cd-bf92-fa6e05c22fd0">
      <Output>
        <ErrorInfo>
          <Message>Test method ExpressionEvolver.Tests.RandomExpressionGeneratorTests.CreateDivideOfPositiveConstantAndParameter threw exception: 
System.InvalidOperationException: Too many NextDouble() calls.</Message>
          <StackTrace>    at ExpressionEvolver.Tests.RandomExpressionGeneratorTests.&lt;&gt;c__DisplayClass3.&lt;GenerateExpression&gt;b__2(CallInfo _) in G:\JasonBock\Personal\Writing\Metaprogramming .NET\Code Samples\MetaDotNetBook\Chapter6\ExpressionEvolver\ExpressionEvolver.Tests\RandomExpressionGeneratorTests.cs:line 81
   at NSubstitute.Core.ReturnValueFromFunc`1.ReturnFor(CallInfo info)
   at NSubstitute.Core.CallResults.GetResult(ICall call)
   at NSubstitute.Routing.Handlers.ReturnConfiguredResultHandler.Handle(ICall call)
   at NSubstitute.Routing.Route.&lt;&gt;c__DisplayClass3.&lt;Handle&gt;b__0(ICallHandler x)
   at System.Linq.Enumerable.&lt;&gt;c__DisplayClass12`3.&lt;CombineSelectors&gt;b__11(TSource x)
   at System.Linq.Enumerable.WhereSelectArrayIterator`2.MoveNext()
   at System.Linq.Enumerable.FirstOrDefault[TSource](IEnumerable`1 source, Func`2 predicate)
   at NSubstitute.Routing.Route.Handle(ICall call)
   at NSubstitute.Core.CallRouter.Route(ICall call)
   at NSubstitute.Proxies.CastleDynamicProxy.CastleForwardingInterceptor.Intercept(IInvocation invocation)
   at Castle.DynamicProxy.AbstractInvocation.Proceed()
   at Castle.Proxies.SecureRandomProxy.NextDouble()
   at ExpressionEvolver.RandomExpressionGenerator.GetConstant() in G:\JasonBock\Personal\Writing\Metaprogramming .NET\Code Samples\MetaDotNetBook\Chapter6\ExpressionEvolver\ExpressionEvolver\RandomExpressionGenerator.cs:line 47
   at ExpressionEvolver.RandomExpressionGenerator.GetRandomOperation(Operators operator) in G:\JasonBock\Personal\Writing\Metaprogramming .NET\Code Samples\MetaDotNetBook\Chapter6\ExpressionEvolver\ExpressionEvolver\RandomExpressionGenerator.cs:line 77
   at ExpressionEvolver.RandomExpressionGenerator.GenerateBody(Int32 maximumOperationCount) in G:\JasonBock\Personal\Writing\Metaprogramming .NET\Code Samples\MetaDotNetBook\Chapter6\ExpressionEvolver\ExpressionEvolver\RandomExpressionGenerator.cs:line 42
   at ExpressionEvolver.RandomExpressionGenerator..ctor(Int32 maximumOperationCount, Double injectConstantProbabilityValue, Double constantLimit, ParameterExpression parameter, SecureRandom random) in G:\JasonBock\Personal\Writing\Metaprogramming .NET\Code Samples\MetaDotNetBook\Chapter6\ExpressionEvolver\ExpressionEvolver\RandomExpressionGenerator.cs:line 33
   at ExpressionEvolver.Tests.RandomExpressionGeneratorTests.GenerateExpression(Int32 operationValue, Boolean isConstantPositive, Boolean isLeftConstant, Boolean isRightConstant) in G:\JasonBock\Personal\Writing\Metaprogramming .NET\Code Samples\MetaDotNetBook\Chapter6\ExpressionEvolver\ExpressionEvolver.Tests\RandomExpressionGeneratorTests.cs:line 87
   at ExpressionEvolver.Tests.RandomExpressionGeneratorTests.CreateDivideOfPositiveConstantAndParameter() in G:\JasonBock\Personal\Writing\Metaprogramming .NET\Code Samples\MetaDotNetBook\Chapter6\ExpressionEvolver\ExpressionEvolver.Tests\RandomExpressionGeneratorTests.cs:line 198
</StackTrace>
        </ErrorInfo>
      </Output>
    </UnitTestResult>
    <UnitTestResult executionId="c401e282-ca23-42ef-b0c1-80bee55ad3e3" testId="f9316b91-5da1-a00b-2ca8-83f832eb6330" testName="CrossoverOnDisposedObject" computerName="JASONB-PC" duration="00:00:00.0016866" startTime="2012-03-11T16:34:04.1997614-05:00" endTime="2012-03-11T16:34:04.2047617-05:00" testType="13cdc9d9-ddb5-4fa4-a97d-d965ccfc6d4b" outcome="Passed" testListId="8c84fa94-04c1-424b-9868-57a2d4851a1d" relativeResultsDirectory="c401e282-ca23-42ef-b0c1-80bee55ad3e3">
    </UnitTestResult>
    <UnitTestResult executionId="668420b6-38c4-4b5f-be71-57f543e9d6d1" testId="fdcecf0b-35f3-d3b9-d177-940c415b4c00" testName="CheckPopulationSizeOnDisposedObject" computerName="JASONB-PC" duration="00:00:00.0014556" startTime="2012-03-11T16:34:04.2057618-05:00" endTime="2012-03-11T16:34:04.2107620-05:00" testType="13cdc9d9-ddb5-4fa4-a97d-d965ccfc6d4b" outcome="Passed" testListId="8c84fa94-04c1-424b-9868-57a2d4851a1d" relativeResultsDirectory="668420b6-38c4-4b5f-be71-57f543e9d6d1">
    </UnitTestResult>
    <UnitTestResult executionId="8e44983a-0fc8-4b8c-afe5-7749183d52cb" testId="feee3ce0-ca18-21c9-fc6b-c58977af3bbe" testName="CompressComplexExpressionForSubtractingSameValues" computerName="JASONB-PC" duration="00:00:00.0011188" startTime="2012-03-11T16:34:04.2117621-05:00" endTime="2012-03-11T16:34:04.2167624-05:00" testType="13cdc9d9-ddb5-4fa4-a97d-d965ccfc6d4b" outcome="Passed" testListId="8c84fa94-04c1-424b-9868-57a2d4851a1d" relativeResultsDirectory="8e44983a-0fc8-4b8c-afe5-7749183d52cb">
    </UnitTestResult>
  </Results>
</TestRun>